2025-03-12 12:39:17 [main] INFO  com.homedecor.HomedecorApplication - Starting HomedecorApplication using Java 23.0.2 with PID 13536 (C:\Users\Bharath.Hegde\Desktop\HomeDecor\target\classes started by Bharath.Hegde in C:\Users\Bharath.Hegde\Desktop\HomeDecor)
2025-03-12 12:39:17 [main] INFO  com.homedecor.HomedecorApplication - No active profile set, falling back to 1 default profile: "default"
2025-03-12 12:39:18 [main] INFO  o.s.d.r.c.RepositoryConfigurationDelegate - Bootstrapping Spring Data JPA repositories in DEFAULT mode.
2025-03-12 12:39:18 [main] INFO  o.s.d.r.c.RepositoryConfigurationDelegate - Finished Spring Data repository scanning in 141 ms. Found 3 JPA repository interfaces.
2025-03-12 12:39:19 [main] INFO  o.s.b.w.e.tomcat.TomcatWebServer - Tomcat initialized with port 8080 (http)
2025-03-12 12:39:19 [main] INFO  o.a.coyote.http11.Http11NioProtocol - Initializing ProtocolHandler ["http-nio-8080"]
2025-03-12 12:39:19 [main] INFO  o.a.catalina.core.StandardService - Starting service [Tomcat]
2025-03-12 12:39:19 [main] INFO  o.a.catalina.core.StandardEngine - Starting Servlet engine: [Apache Tomcat/10.1.36]
2025-03-12 12:39:19 [main] INFO  o.a.c.c.C.[Tomcat].[localhost].[/] - Initializing Spring embedded WebApplicationContext
2025-03-12 12:39:19 [main] INFO  o.s.b.w.s.c.ServletWebServerApplicationContext - Root WebApplicationContext: initialization completed in 1955 ms
2025-03-12 12:39:19 [main] INFO  o.h.jpa.internal.util.LogHelper - HHH000204: Processing PersistenceUnitInfo [name: default]
2025-03-12 12:39:19 [main] INFO  org.hibernate.Version - HHH000412: Hibernate ORM core version 6.6.8.Final
2025-03-12 12:39:19 [main] INFO  o.h.c.i.RegionFactoryInitiator - HHH000026: Second-level cache disabled
2025-03-12 12:39:20 [main] INFO  o.s.o.j.p.SpringPersistenceUnitInfo - No LoadTimeWeaver setup: ignoring JPA class transformer
2025-03-12 12:39:20 [main] INFO  com.zaxxer.hikari.HikariDataSource - HikariPool-1 - Starting...
2025-03-12 12:39:20 [main] INFO  com.zaxxer.hikari.pool.HikariPool - HikariPool-1 - Added connection com.mysql.cj.jdbc.ConnectionImpl@77ce8bc5
2025-03-12 12:39:20 [main] INFO  com.zaxxer.hikari.HikariDataSource - HikariPool-1 - Start completed.
2025-03-12 12:39:20 [main] WARN  org.hibernate.orm.deprecation - HHH90000025: MySQL8Dialect does not need to be specified explicitly using 'hibernate.dialect' (remove the property setting and it will be selected by default)
2025-03-12 12:39:20 [main] WARN  org.hibernate.orm.deprecation - HHH90000026: MySQL8Dialect has been deprecated; use org.hibernate.dialect.MySQLDialect instead
2025-03-12 12:39:20 [main] INFO  o.hibernate.orm.connections.pooling - HHH10001005: Database info:
	Database JDBC URL [Connecting through datasource 'HikariDataSource (HikariPool-1)']
	Database driver: undefined/unknown
	Database version: 8.0
	Autocommit mode: undefined/unknown
	Isolation level: undefined/unknown
	Minimum pool size: undefined/unknown
	Maximum pool size: undefined/unknown
2025-03-12 12:39:21 [main] INFO  o.h.e.t.j.p.i.JtaPlatformInitiator - HHH000489: No JTA platform available (set 'hibernate.transaction.jta.platform' to enable JTA platform integration)
2025-03-12 12:39:21 [main] WARN  o.h.t.s.i.ExceptionHandlerLoggedImpl - GenerationTarget encountered exception accepting command : Error executing DDL "
    alter table cart_items 
       modify column item_id bigint" via JDBC [Referencing column 'item_id' and referenced column 'id' in foreign key constraint 'cart_items_ibfk_2' are incompatible.]
org.hibernate.tool.schema.spi.CommandAcceptanceException: Error executing DDL "
    alter table cart_items 
       modify column item_id bigint" via JDBC [Referencing column 'item_id' and referenced column 'id' in foreign key constraint 'cart_items_ibfk_2' are incompatible.]
	at org.hibernate.tool.schema.internal.exec.GenerationTargetToDatabase.accept(GenerationTargetToDatabase.java:94)
	at org.hibernate.tool.schema.internal.AbstractSchemaMigrator.applySqlString(AbstractSchemaMigrator.java:576)
	at org.hibernate.tool.schema.internal.AbstractSchemaMigrator.applySqlStrings(AbstractSchemaMigrator.java:516)
	at org.hibernate.tool.schema.internal.AbstractSchemaMigrator.migrateTable(AbstractSchemaMigrator.java:334)
	at org.hibernate.tool.schema.internal.GroupedSchemaMigratorImpl.performTablesMigration(GroupedSchemaMigratorImpl.java:84)
	at org.hibernate.tool.schema.internal.AbstractSchemaMigrator.performMigration(AbstractSchemaMigrator.java:233)
	at org.hibernate.tool.schema.internal.AbstractSchemaMigrator.doMigration(AbstractSchemaMigrator.java:112)
	at org.hibernate.tool.schema.spi.SchemaManagementToolCoordinator.performDatabaseAction(SchemaManagementToolCoordinator.java:280)
	at org.hibernate.tool.schema.spi.SchemaManagementToolCoordinator.lambda$process$5(SchemaManagementToolCoordinator.java:144)
	at java.base/java.util.HashMap.forEach(HashMap.java:1430)
	at org.hibernate.tool.schema.spi.SchemaManagementToolCoordinator.process(SchemaManagementToolCoordinator.java:141)
	at org.hibernate.boot.internal.SessionFactoryObserverForSchemaExport.sessionFactoryCreated(SessionFactoryObserverForSchemaExport.java:37)
	at org.hibernate.internal.SessionFactoryObserverChain.sessionFactoryCreated(SessionFactoryObserverChain.java:35)
	at org.hibernate.internal.SessionFactoryImpl.<init>(SessionFactoryImpl.java:324)
	at org.hibernate.boot.internal.SessionFactoryBuilderImpl.build(SessionFactoryBuilderImpl.java:463)
	at org.hibernate.jpa.boot.internal.EntityManagerFactoryBuilderImpl.build(EntityManagerFactoryBuilderImpl.java:1517)
	at org.springframework.orm.jpa.vendor.SpringHibernateJpaPersistenceProvider.createContainerEntityManagerFactory(SpringHibernateJpaPersistenceProvider.java:66)
	at org.springframework.orm.jpa.LocalContainerEntityManagerFactoryBean.createNativeEntityManagerFactory(LocalContainerEntityManagerFactoryBean.java:390)
	at org.springframework.orm.jpa.AbstractEntityManagerFactoryBean.buildNativeEntityManagerFactory(AbstractEntityManagerFactoryBean.java:419)
	at org.springframework.orm.jpa.AbstractEntityManagerFactoryBean.afterPropertiesSet(AbstractEntityManagerFactoryBean.java:400)
	at org.springframework.orm.jpa.LocalContainerEntityManagerFactoryBean.afterPropertiesSet(LocalContainerEntityManagerFactoryBean.java:366)
	at org.springframework.beans.factory.support.AbstractAutowireCapableBeanFactory.invokeInitMethods(AbstractAutowireCapableBeanFactory.java:1859)
	at org.springframework.beans.factory.support.AbstractAutowireCapableBeanFactory.initializeBean(AbstractAutowireCapableBeanFactory.java:1808)
	at org.springframework.beans.factory.support.AbstractAutowireCapableBeanFactory.doCreateBean(AbstractAutowireCapableBeanFactory.java:601)
	at org.springframework.beans.factory.support.AbstractAutowireCapableBeanFactory.createBean(AbstractAutowireCapableBeanFactory.java:523)
	at org.springframework.beans.factory.support.AbstractBeanFactory.lambda$doGetBean$0(AbstractBeanFactory.java:339)
	at org.springframework.beans.factory.support.DefaultSingletonBeanRegistry.getSingleton(DefaultSingletonBeanRegistry.java:346)
	at org.springframework.beans.factory.support.AbstractBeanFactory.doGetBean(AbstractBeanFactory.java:337)
	at org.springframework.beans.factory.support.AbstractBeanFactory.getBean(AbstractBeanFactory.java:207)
	at org.springframework.context.support.AbstractApplicationContext.finishBeanFactoryInitialization(AbstractApplicationContext.java:970)
	at org.springframework.context.support.AbstractApplicationContext.refresh(AbstractApplicationContext.java:627)
	at org.springframework.boot.web.servlet.context.ServletWebServerApplicationContext.refresh(ServletWebServerApplicationContext.java:146)
	at org.springframework.boot.SpringApplication.refresh(SpringApplication.java:752)
	at org.springframework.boot.SpringApplication.refreshContext(SpringApplication.java:439)
	at org.springframework.boot.SpringApplication.run(SpringApplication.java:318)
	at org.springframework.boot.SpringApplication.run(SpringApplication.java:1361)
	at org.springframework.boot.SpringApplication.run(SpringApplication.java:1350)
	at com.homedecor.HomedecorApplication.main(HomedecorApplication.java:10)
Caused by: java.sql.SQLException: Referencing column 'item_id' and referenced column 'id' in foreign key constraint 'cart_items_ibfk_2' are incompatible.
	at com.mysql.cj.jdbc.exceptions.SQLError.createSQLException(SQLError.java:130)
	at com.mysql.cj.jdbc.exceptions.SQLExceptionsMapping.translateException(SQLExceptionsMapping.java:122)
	at com.mysql.cj.jdbc.StatementImpl.executeInternal(StatementImpl.java:763)
	at com.mysql.cj.jdbc.StatementImpl.execute(StatementImpl.java:648)
	at com.zaxxer.hikari.pool.ProxyStatement.execute(ProxyStatement.java:94)
	at com.zaxxer.hikari.pool.HikariProxyStatement.execute(HikariProxyStatement.java)
	at org.hibernate.tool.schema.internal.exec.GenerationTargetToDatabase.accept(GenerationTargetToDatabase.java:80)
	... 37 common frames omitted
2025-03-12 12:39:21 [main] WARN  o.h.t.s.i.ExceptionHandlerLoggedImpl - GenerationTarget encountered exception accepting command : Error executing DDL "
    alter table cart_items 
       modify column user_id bigint" via JDBC [Referencing column 'user_id' and referenced column 'id' in foreign key constraint 'cart_items_ibfk_1' are incompatible.]
org.hibernate.tool.schema.spi.CommandAcceptanceException: Error executing DDL "
    alter table cart_items 
       modify column user_id bigint" via JDBC [Referencing column 'user_id' and referenced column 'id' in foreign key constraint 'cart_items_ibfk_1' are incompatible.]
	at org.hibernate.tool.schema.internal.exec.GenerationTargetToDatabase.accept(GenerationTargetToDatabase.java:94)
	at org.hibernate.tool.schema.internal.AbstractSchemaMigrator.applySqlString(AbstractSchemaMigrator.java:576)
	at org.hibernate.tool.schema.internal.AbstractSchemaMigrator.applySqlStrings(AbstractSchemaMigrator.java:516)
	at org.hibernate.tool.schema.internal.AbstractSchemaMigrator.migrateTable(AbstractSchemaMigrator.java:334)
	at org.hibernate.tool.schema.internal.GroupedSchemaMigratorImpl.performTablesMigration(GroupedSchemaMigratorImpl.java:84)
	at org.hibernate.tool.schema.internal.AbstractSchemaMigrator.performMigration(AbstractSchemaMigrator.java:233)
	at org.hibernate.tool.schema.internal.AbstractSchemaMigrator.doMigration(AbstractSchemaMigrator.java:112)
	at org.hibernate.tool.schema.spi.SchemaManagementToolCoordinator.performDatabaseAction(SchemaManagementToolCoordinator.java:280)
	at org.hibernate.tool.schema.spi.SchemaManagementToolCoordinator.lambda$process$5(SchemaManagementToolCoordinator.java:144)
	at java.base/java.util.HashMap.forEach(HashMap.java:1430)
	at org.hibernate.tool.schema.spi.SchemaManagementToolCoordinator.process(SchemaManagementToolCoordinator.java:141)
	at org.hibernate.boot.internal.SessionFactoryObserverForSchemaExport.sessionFactoryCreated(SessionFactoryObserverForSchemaExport.java:37)
	at org.hibernate.internal.SessionFactoryObserverChain.sessionFactoryCreated(SessionFactoryObserverChain.java:35)
	at org.hibernate.internal.SessionFactoryImpl.<init>(SessionFactoryImpl.java:324)
	at org.hibernate.boot.internal.SessionFactoryBuilderImpl.build(SessionFactoryBuilderImpl.java:463)
	at org.hibernate.jpa.boot.internal.EntityManagerFactoryBuilderImpl.build(EntityManagerFactoryBuilderImpl.java:1517)
	at org.springframework.orm.jpa.vendor.SpringHibernateJpaPersistenceProvider.createContainerEntityManagerFactory(SpringHibernateJpaPersistenceProvider.java:66)
	at org.springframework.orm.jpa.LocalContainerEntityManagerFactoryBean.createNativeEntityManagerFactory(LocalContainerEntityManagerFactoryBean.java:390)
	at org.springframework.orm.jpa.AbstractEntityManagerFactoryBean.buildNativeEntityManagerFactory(AbstractEntityManagerFactoryBean.java:419)
	at org.springframework.orm.jpa.AbstractEntityManagerFactoryBean.afterPropertiesSet(AbstractEntityManagerFactoryBean.java:400)
	at org.springframework.orm.jpa.LocalContainerEntityManagerFactoryBean.afterPropertiesSet(LocalContainerEntityManagerFactoryBean.java:366)
	at org.springframework.beans.factory.support.AbstractAutowireCapableBeanFactory.invokeInitMethods(AbstractAutowireCapableBeanFactory.java:1859)
	at org.springframework.beans.factory.support.AbstractAutowireCapableBeanFactory.initializeBean(AbstractAutowireCapableBeanFactory.java:1808)
	at org.springframework.beans.factory.support.AbstractAutowireCapableBeanFactory.doCreateBean(AbstractAutowireCapableBeanFactory.java:601)
	at org.springframework.beans.factory.support.AbstractAutowireCapableBeanFactory.createBean(AbstractAutowireCapableBeanFactory.java:523)
	at org.springframework.beans.factory.support.AbstractBeanFactory.lambda$doGetBean$0(AbstractBeanFactory.java:339)
	at org.springframework.beans.factory.support.DefaultSingletonBeanRegistry.getSingleton(DefaultSingletonBeanRegistry.java:346)
	at org.springframework.beans.factory.support.AbstractBeanFactory.doGetBean(AbstractBeanFactory.java:337)
	at org.springframework.beans.factory.support.AbstractBeanFactory.getBean(AbstractBeanFactory.java:207)
	at org.springframework.context.support.AbstractApplicationContext.finishBeanFactoryInitialization(AbstractApplicationContext.java:970)
	at org.springframework.context.support.AbstractApplicationContext.refresh(AbstractApplicationContext.java:627)
	at org.springframework.boot.web.servlet.context.ServletWebServerApplicationContext.refresh(ServletWebServerApplicationContext.java:146)
	at org.springframework.boot.SpringApplication.refresh(SpringApplication.java:752)
	at org.springframework.boot.SpringApplication.refreshContext(SpringApplication.java:439)
	at org.springframework.boot.SpringApplication.run(SpringApplication.java:318)
	at org.springframework.boot.SpringApplication.run(SpringApplication.java:1361)
	at org.springframework.boot.SpringApplication.run(SpringApplication.java:1350)
	at com.homedecor.HomedecorApplication.main(HomedecorApplication.java:10)
Caused by: java.sql.SQLException: Referencing column 'user_id' and referenced column 'id' in foreign key constraint 'cart_items_ibfk_1' are incompatible.
	at com.mysql.cj.jdbc.exceptions.SQLError.createSQLException(SQLError.java:130)
	at com.mysql.cj.jdbc.exceptions.SQLExceptionsMapping.translateException(SQLExceptionsMapping.java:122)
	at com.mysql.cj.jdbc.StatementImpl.executeInternal(StatementImpl.java:763)
	at com.mysql.cj.jdbc.StatementImpl.execute(StatementImpl.java:648)
	at com.zaxxer.hikari.pool.ProxyStatement.execute(ProxyStatement.java:94)
	at com.zaxxer.hikari.pool.HikariProxyStatement.execute(HikariProxyStatement.java)
	at org.hibernate.tool.schema.internal.exec.GenerationTargetToDatabase.accept(GenerationTargetToDatabase.java:80)
	... 37 common frames omitted
2025-03-12 12:39:21 [main] WARN  o.h.t.s.i.ExceptionHandlerLoggedImpl - GenerationTarget encountered exception accepting command : Error executing DDL "
    alter table items 
       modify column id bigint not null auto_increment" via JDBC [Referencing column 'item_id' and referenced column 'id' in foreign key constraint 'cart_items_ibfk_2' are incompatible.]
org.hibernate.tool.schema.spi.CommandAcceptanceException: Error executing DDL "
    alter table items 
       modify column id bigint not null auto_increment" via JDBC [Referencing column 'item_id' and referenced column 'id' in foreign key constraint 'cart_items_ibfk_2' are incompatible.]
	at org.hibernate.tool.schema.internal.exec.GenerationTargetToDatabase.accept(GenerationTargetToDatabase.java:94)
	at org.hibernate.tool.schema.internal.AbstractSchemaMigrator.applySqlString(AbstractSchemaMigrator.java:576)
	at org.hibernate.tool.schema.internal.AbstractSchemaMigrator.applySqlStrings(AbstractSchemaMigrator.java:516)
	at org.hibernate.tool.schema.internal.AbstractSchemaMigrator.migrateTable(AbstractSchemaMigrator.java:334)
	at org.hibernate.tool.schema.internal.GroupedSchemaMigratorImpl.performTablesMigration(GroupedSchemaMigratorImpl.java:84)
	at org.hibernate.tool.schema.internal.AbstractSchemaMigrator.performMigration(AbstractSchemaMigrator.java:233)
	at org.hibernate.tool.schema.internal.AbstractSchemaMigrator.doMigration(AbstractSchemaMigrator.java:112)
	at org.hibernate.tool.schema.spi.SchemaManagementToolCoordinator.performDatabaseAction(SchemaManagementToolCoordinator.java:280)
	at org.hibernate.tool.schema.spi.SchemaManagementToolCoordinator.lambda$process$5(SchemaManagementToolCoordinator.java:144)
	at java.base/java.util.HashMap.forEach(HashMap.java:1430)
	at org.hibernate.tool.schema.spi.SchemaManagementToolCoordinator.process(SchemaManagementToolCoordinator.java:141)
	at org.hibernate.boot.internal.SessionFactoryObserverForSchemaExport.sessionFactoryCreated(SessionFactoryObserverForSchemaExport.java:37)
	at org.hibernate.internal.SessionFactoryObserverChain.sessionFactoryCreated(SessionFactoryObserverChain.java:35)
	at org.hibernate.internal.SessionFactoryImpl.<init>(SessionFactoryImpl.java:324)
	at org.hibernate.boot.internal.SessionFactoryBuilderImpl.build(SessionFactoryBuilderImpl.java:463)
	at org.hibernate.jpa.boot.internal.EntityManagerFactoryBuilderImpl.build(EntityManagerFactoryBuilderImpl.java:1517)
	at org.springframework.orm.jpa.vendor.SpringHibernateJpaPersistenceProvider.createContainerEntityManagerFactory(SpringHibernateJpaPersistenceProvider.java:66)
	at org.springframework.orm.jpa.LocalContainerEntityManagerFactoryBean.createNativeEntityManagerFactory(LocalContainerEntityManagerFactoryBean.java:390)
	at org.springframework.orm.jpa.AbstractEntityManagerFactoryBean.buildNativeEntityManagerFactory(AbstractEntityManagerFactoryBean.java:419)
	at org.springframework.orm.jpa.AbstractEntityManagerFactoryBean.afterPropertiesSet(AbstractEntityManagerFactoryBean.java:400)
	at org.springframework.orm.jpa.LocalContainerEntityManagerFactoryBean.afterPropertiesSet(LocalContainerEntityManagerFactoryBean.java:366)
	at org.springframework.beans.factory.support.AbstractAutowireCapableBeanFactory.invokeInitMethods(AbstractAutowireCapableBeanFactory.java:1859)
	at org.springframework.beans.factory.support.AbstractAutowireCapableBeanFactory.initializeBean(AbstractAutowireCapableBeanFactory.java:1808)
	at org.springframework.beans.factory.support.AbstractAutowireCapableBeanFactory.doCreateBean(AbstractAutowireCapableBeanFactory.java:601)
	at org.springframework.beans.factory.support.AbstractAutowireCapableBeanFactory.createBean(AbstractAutowireCapableBeanFactory.java:523)
	at org.springframework.beans.factory.support.AbstractBeanFactory.lambda$doGetBean$0(AbstractBeanFactory.java:339)
	at org.springframework.beans.factory.support.DefaultSingletonBeanRegistry.getSingleton(DefaultSingletonBeanRegistry.java:346)
	at org.springframework.beans.factory.support.AbstractBeanFactory.doGetBean(AbstractBeanFactory.java:337)
	at org.springframework.beans.factory.support.AbstractBeanFactory.getBean(AbstractBeanFactory.java:207)
	at org.springframework.context.support.AbstractApplicationContext.finishBeanFactoryInitialization(AbstractApplicationContext.java:970)
	at org.springframework.context.support.AbstractApplicationContext.refresh(AbstractApplicationContext.java:627)
	at org.springframework.boot.web.servlet.context.ServletWebServerApplicationContext.refresh(ServletWebServerApplicationContext.java:146)
	at org.springframework.boot.SpringApplication.refresh(SpringApplication.java:752)
	at org.springframework.boot.SpringApplication.refreshContext(SpringApplication.java:439)
	at org.springframework.boot.SpringApplication.run(SpringApplication.java:318)
	at org.springframework.boot.SpringApplication.run(SpringApplication.java:1361)
	at org.springframework.boot.SpringApplication.run(SpringApplication.java:1350)
	at com.homedecor.HomedecorApplication.main(HomedecorApplication.java:10)
Caused by: java.sql.SQLException: Referencing column 'item_id' and referenced column 'id' in foreign key constraint 'cart_items_ibfk_2' are incompatible.
	at com.mysql.cj.jdbc.exceptions.SQLError.createSQLException(SQLError.java:130)
	at com.mysql.cj.jdbc.exceptions.SQLExceptionsMapping.translateException(SQLExceptionsMapping.java:122)
	at com.mysql.cj.jdbc.StatementImpl.executeInternal(StatementImpl.java:763)
	at com.mysql.cj.jdbc.StatementImpl.execute(StatementImpl.java:648)
	at com.zaxxer.hikari.pool.ProxyStatement.execute(ProxyStatement.java:94)
	at com.zaxxer.hikari.pool.HikariProxyStatement.execute(HikariProxyStatement.java)
	at org.hibernate.tool.schema.internal.exec.GenerationTargetToDatabase.accept(GenerationTargetToDatabase.java:80)
	... 37 common frames omitted
2025-03-12 12:39:21 [main] WARN  o.h.t.s.i.ExceptionHandlerLoggedImpl - GenerationTarget encountered exception accepting command : Error executing DDL "
    alter table users 
       modify column id bigint not null auto_increment" via JDBC [Referencing column 'user_id' and referenced column 'id' in foreign key constraint 'cart_items_ibfk_1' are incompatible.]
org.hibernate.tool.schema.spi.CommandAcceptanceException: Error executing DDL "
    alter table users 
       modify column id bigint not null auto_increment" via JDBC [Referencing column 'user_id' and referenced column 'id' in foreign key constraint 'cart_items_ibfk_1' are incompatible.]
	at org.hibernate.tool.schema.internal.exec.GenerationTargetToDatabase.accept(GenerationTargetToDatabase.java:94)
	at org.hibernate.tool.schema.internal.AbstractSchemaMigrator.applySqlString(AbstractSchemaMigrator.java:576)
	at org.hibernate.tool.schema.internal.AbstractSchemaMigrator.applySqlStrings(AbstractSchemaMigrator.java:516)
	at org.hibernate.tool.schema.internal.AbstractSchemaMigrator.migrateTable(AbstractSchemaMigrator.java:334)
	at org.hibernate.tool.schema.internal.GroupedSchemaMigratorImpl.performTablesMigration(GroupedSchemaMigratorImpl.java:84)
	at org.hibernate.tool.schema.internal.AbstractSchemaMigrator.performMigration(AbstractSchemaMigrator.java:233)
	at org.hibernate.tool.schema.internal.AbstractSchemaMigrator.doMigration(AbstractSchemaMigrator.java:112)
	at org.hibernate.tool.schema.spi.SchemaManagementToolCoordinator.performDatabaseAction(SchemaManagementToolCoordinator.java:280)
	at org.hibernate.tool.schema.spi.SchemaManagementToolCoordinator.lambda$process$5(SchemaManagementToolCoordinator.java:144)
	at java.base/java.util.HashMap.forEach(HashMap.java:1430)
	at org.hibernate.tool.schema.spi.SchemaManagementToolCoordinator.process(SchemaManagementToolCoordinator.java:141)
	at org.hibernate.boot.internal.SessionFactoryObserverForSchemaExport.sessionFactoryCreated(SessionFactoryObserverForSchemaExport.java:37)
	at org.hibernate.internal.SessionFactoryObserverChain.sessionFactoryCreated(SessionFactoryObserverChain.java:35)
	at org.hibernate.internal.SessionFactoryImpl.<init>(SessionFactoryImpl.java:324)
	at org.hibernate.boot.internal.SessionFactoryBuilderImpl.build(SessionFactoryBuilderImpl.java:463)
	at org.hibernate.jpa.boot.internal.EntityManagerFactoryBuilderImpl.build(EntityManagerFactoryBuilderImpl.java:1517)
	at org.springframework.orm.jpa.vendor.SpringHibernateJpaPersistenceProvider.createContainerEntityManagerFactory(SpringHibernateJpaPersistenceProvider.java:66)
	at org.springframework.orm.jpa.LocalContainerEntityManagerFactoryBean.createNativeEntityManagerFactory(LocalContainerEntityManagerFactoryBean.java:390)
	at org.springframework.orm.jpa.AbstractEntityManagerFactoryBean.buildNativeEntityManagerFactory(AbstractEntityManagerFactoryBean.java:419)
	at org.springframework.orm.jpa.AbstractEntityManagerFactoryBean.afterPropertiesSet(AbstractEntityManagerFactoryBean.java:400)
	at org.springframework.orm.jpa.LocalContainerEntityManagerFactoryBean.afterPropertiesSet(LocalContainerEntityManagerFactoryBean.java:366)
	at org.springframework.beans.factory.support.AbstractAutowireCapableBeanFactory.invokeInitMethods(AbstractAutowireCapableBeanFactory.java:1859)
	at org.springframework.beans.factory.support.AbstractAutowireCapableBeanFactory.initializeBean(AbstractAutowireCapableBeanFactory.java:1808)
	at org.springframework.beans.factory.support.AbstractAutowireCapableBeanFactory.doCreateBean(AbstractAutowireCapableBeanFactory.java:601)
	at org.springframework.beans.factory.support.AbstractAutowireCapableBeanFactory.createBean(AbstractAutowireCapableBeanFactory.java:523)
	at org.springframework.beans.factory.support.AbstractBeanFactory.lambda$doGetBean$0(AbstractBeanFactory.java:339)
	at org.springframework.beans.factory.support.DefaultSingletonBeanRegistry.getSingleton(DefaultSingletonBeanRegistry.java:346)
	at org.springframework.beans.factory.support.AbstractBeanFactory.doGetBean(AbstractBeanFactory.java:337)
	at org.springframework.beans.factory.support.AbstractBeanFactory.getBean(AbstractBeanFactory.java:207)
	at org.springframework.context.support.AbstractApplicationContext.finishBeanFactoryInitialization(AbstractApplicationContext.java:970)
	at org.springframework.context.support.AbstractApplicationContext.refresh(AbstractApplicationContext.java:627)
	at org.springframework.boot.web.servlet.context.ServletWebServerApplicationContext.refresh(ServletWebServerApplicationContext.java:146)
	at org.springframework.boot.SpringApplication.refresh(SpringApplication.java:752)
	at org.springframework.boot.SpringApplication.refreshContext(SpringApplication.java:439)
	at org.springframework.boot.SpringApplication.run(SpringApplication.java:318)
	at org.springframework.boot.SpringApplication.run(SpringApplication.java:1361)
	at org.springframework.boot.SpringApplication.run(SpringApplication.java:1350)
	at com.homedecor.HomedecorApplication.main(HomedecorApplication.java:10)
Caused by: java.sql.SQLException: Referencing column 'user_id' and referenced column 'id' in foreign key constraint 'cart_items_ibfk_1' are incompatible.
	at com.mysql.cj.jdbc.exceptions.SQLError.createSQLException(SQLError.java:130)
	at com.mysql.cj.jdbc.exceptions.SQLExceptionsMapping.translateException(SQLExceptionsMapping.java:122)
	at com.mysql.cj.jdbc.StatementImpl.executeInternal(StatementImpl.java:763)
	at com.mysql.cj.jdbc.StatementImpl.execute(StatementImpl.java:648)
	at com.zaxxer.hikari.pool.ProxyStatement.execute(ProxyStatement.java:94)
	at com.zaxxer.hikari.pool.HikariProxyStatement.execute(HikariProxyStatement.java)
	at org.hibernate.tool.schema.internal.exec.GenerationTargetToDatabase.accept(GenerationTargetToDatabase.java:80)
	... 37 common frames omitted
2025-03-12 12:39:21 [main] INFO  o.s.o.j.LocalContainerEntityManagerFactoryBean - Initialized JPA EntityManagerFactory for persistence unit 'default'
2025-03-12 12:39:22 [main] WARN  o.s.b.a.o.j.JpaBaseConfiguration$JpaWebConfiguration - spring.jpa.open-in-view is enabled by default. Therefore, database queries may be performed during view rendering. Explicitly configure spring.jpa.open-in-view to disable this warning
2025-03-12 12:39:23 [main] INFO  o.a.coyote.http11.Http11NioProtocol - Starting ProtocolHandler ["http-nio-8080"]
2025-03-12 12:39:23 [main] INFO  o.s.b.w.e.tomcat.TomcatWebServer - Tomcat started on port 8080 (http) with context path '/'
2025-03-12 12:39:23 [main] INFO  com.homedecor.HomedecorApplication - Started HomedecorApplication in 6.352 seconds (process running for 7.043)
2025-03-12 12:40:51 [http-nio-8080-exec-2] INFO  o.a.c.c.C.[Tomcat].[localhost].[/] - Initializing Spring DispatcherServlet 'dispatcherServlet'
2025-03-12 12:40:51 [http-nio-8080-exec-2] INFO  o.s.web.servlet.DispatcherServlet - Initializing Servlet 'dispatcherServlet'
2025-03-12 12:40:51 [http-nio-8080-exec-2] INFO  o.s.web.servlet.DispatcherServlet - Completed initialization in 1 ms
2025-03-12 12:40:51 [http-nio-8080-exec-2] INFO  c.h.controller.UserController - User registration attempt: test@211.com
2025-03-12 12:40:52 [http-nio-8080-exec-2] INFO  c.h.controller.UserController - User registered successfully with email: test@211.com
2025-03-12 12:41:05 [http-nio-8080-exec-4] INFO  c.h.controller.UserController - User login attempt: test23
2025-03-12 12:41:05 [http-nio-8080-exec-4] INFO  com.homedecor.services.UserService - Login attempt for username: test23
2025-03-12 12:41:05 [http-nio-8080-exec-4] INFO  com.homedecor.services.UserService - User 'test23' logged in successfully
2025-03-12 12:41:05 [http-nio-8080-exec-4] INFO  c.h.controller.UserController - User test23 logged in successfully as ROLE_USER
2025-03-12 12:41:05 [http-nio-8080-exec-7] INFO  c.h.controller.ItemController - Fetching all items.
2025-03-12 12:41:05 [http-nio-8080-exec-7] INFO  c.h.controller.ItemController - Total items retrieved: 15
2025-03-12 12:41:05 [http-nio-8080-exec-8] INFO  c.h.controller.ItemController - Fetching all items.
2025-03-12 12:41:05 [http-nio-8080-exec-8] INFO  c.h.controller.ItemController - Total items retrieved: 15
2025-03-12 12:41:15 [http-nio-8080-exec-10] INFO  c.h.controller.UserController - Adding item 1 (Qty: 1) to cart for user 8
2025-03-12 12:41:15 [http-nio-8080-exec-10] INFO  c.h.controller.UserController - Item 1 added to cart for user 8
2025-03-12 12:41:21 [http-nio-8080-exec-1] INFO  c.h.controller.UserController - Fetching cart details for user 8
2025-03-12 12:41:21 [http-nio-8080-exec-2] INFO  c.h.controller.UserController - Fetching cart details for user 8
2025-03-12 12:41:59 [http-nio-8080-exec-6] INFO  c.h.controller.UserController - User login attempt: admin
2025-03-12 12:41:59 [http-nio-8080-exec-6] INFO  com.homedecor.services.UserService - Login attempt for username: admin
2025-03-12 12:41:59 [http-nio-8080-exec-6] INFO  com.homedecor.services.UserService - User 'admin' logged in successfully
2025-03-12 12:41:59 [http-nio-8080-exec-6] INFO  c.h.controller.UserController - User admin logged in successfully as ROLE_ADMIN
2025-03-12 12:41:59 [http-nio-8080-exec-8] INFO  c.h.controller.ItemController - Fetching all items.
2025-03-12 12:41:59 [http-nio-8080-exec-7] INFO  c.h.controller.AdminController - Fetching all users.
2025-03-12 12:41:59 [http-nio-8080-exec-7] INFO  com.homedecor.services.UserService - Fetching all users from database
2025-03-12 12:41:59 [http-nio-8080-exec-8] INFO  c.h.controller.ItemController - Total items retrieved: 15
2025-03-12 12:41:59 [http-nio-8080-exec-7] INFO  c.h.controller.AdminController - Total users retrieved: 8
2025-03-12 12:41:59 [http-nio-8080-exec-7] INFO  com.homedecor.services.UserService - Fetching all users from database
2025-03-12 12:41:59 [http-nio-8080-exec-9] INFO  c.h.controller.ItemController - Fetching all items.
2025-03-12 12:41:59 [http-nio-8080-exec-10] INFO  c.h.controller.AdminController - Fetching all users.
2025-03-12 12:41:59 [http-nio-8080-exec-10] INFO  com.homedecor.services.UserService - Fetching all users from database
2025-03-12 12:41:59 [http-nio-8080-exec-9] INFO  c.h.controller.ItemController - Total items retrieved: 15
2025-03-12 12:41:59 [http-nio-8080-exec-10] INFO  c.h.controller.AdminController - Total users retrieved: 8
2025-03-12 12:41:59 [http-nio-8080-exec-10] INFO  com.homedecor.services.UserService - Fetching all users from database
2025-03-12 12:42:17 [http-nio-8080-exec-2] INFO  c.h.controller.AdminController - Updating item with ID: 1
2025-03-12 12:42:17 [http-nio-8080-exec-2] INFO  c.h.controller.AdminController - Item with ID 1 updated successfully.
2025-03-12 12:42:17 [http-nio-8080-exec-3] INFO  c.h.controller.ItemController - Fetching all items.
2025-03-12 12:42:17 [http-nio-8080-exec-3] INFO  c.h.controller.ItemController - Total items retrieved: 15
2025-03-12 12:42:27 [http-nio-8080-exec-4] INFO  c.h.controller.AdminController - Updating item with ID: 1
2025-03-12 12:42:27 [http-nio-8080-exec-4] INFO  c.h.controller.AdminController - Item with ID 1 updated successfully.
2025-03-12 12:42:27 [http-nio-8080-exec-5] INFO  c.h.controller.ItemController - Fetching all items.
2025-03-12 12:42:27 [http-nio-8080-exec-5] INFO  c.h.controller.ItemController - Total items retrieved: 15
2025-03-12 12:42:32 [http-nio-8080-exec-8] INFO  c.h.controller.AdminController - Updating item with ID: 5
2025-03-12 12:42:32 [http-nio-8080-exec-8] INFO  c.h.controller.AdminController - Item with ID 5 updated successfully.
2025-03-12 12:42:32 [http-nio-8080-exec-7] INFO  c.h.controller.ItemController - Fetching all items.
2025-03-12 12:42:32 [http-nio-8080-exec-7] INFO  c.h.controller.ItemController - Total items retrieved: 15
2025-03-12 12:43:01 [http-nio-8080-exec-1] INFO  c.h.controller.AdminController - Adding new item: vase3
2025-03-12 12:43:01 [http-nio-8080-exec-1] INFO  c.h.controller.AdminController - Item added successfully with ID: 16
2025-03-12 12:43:01 [http-nio-8080-exec-2] INFO  c.h.controller.ItemController - Fetching all items.
2025-03-12 12:43:01 [http-nio-8080-exec-2] INFO  c.h.controller.ItemController - Total items retrieved: 16
2025-03-12 12:43:15 [http-nio-8080-exec-3] INFO  c.h.controller.UserController - User login attempt: test23
2025-03-12 12:43:15 [http-nio-8080-exec-3] INFO  com.homedecor.services.UserService - Login attempt for username: test23
2025-03-12 12:43:15 [http-nio-8080-exec-3] WARN  com.homedecor.services.UserService - Invalid password attempt 1 for user 'test23'
2025-03-12 12:43:15 [http-nio-8080-exec-3] WARN  c.h.controller.UserController - Failed login attempt for user: test23
2025-03-12 12:43:18 [http-nio-8080-exec-4] INFO  c.h.controller.UserController - User login attempt: test23
2025-03-12 12:43:18 [http-nio-8080-exec-4] INFO  com.homedecor.services.UserService - Login attempt for username: test23
2025-03-12 12:43:18 [http-nio-8080-exec-4] WARN  com.homedecor.services.UserService - Invalid password attempt 2 for user 'test23'
2025-03-12 12:43:18 [http-nio-8080-exec-4] WARN  c.h.controller.UserController - Failed login attempt for user: test23
2025-03-12 12:43:20 [http-nio-8080-exec-5] INFO  c.h.controller.UserController - User login attempt: test23
2025-03-12 12:43:20 [http-nio-8080-exec-5] INFO  com.homedecor.services.UserService - Login attempt for username: test23
2025-03-12 12:43:20 [http-nio-8080-exec-5] WARN  com.homedecor.services.UserService - Invalid password attempt 3 for user 'test23'
2025-03-12 12:43:20 [http-nio-8080-exec-5] ERROR com.homedecor.services.UserService - User 'test23' has been blocked due to multiple failed attempts
2025-03-12 12:43:20 [http-nio-8080-exec-5] WARN  c.h.controller.UserController - Failed login attempt for user: test23
2025-03-12 12:43:39 [http-nio-8080-exec-6] INFO  c.h.controller.UserController - User login attempt: admin
2025-03-12 12:43:39 [http-nio-8080-exec-6] INFO  com.homedecor.services.UserService - Login attempt for username: admin
2025-03-12 12:43:39 [http-nio-8080-exec-6] INFO  com.homedecor.services.UserService - User 'admin' logged in successfully
2025-03-12 12:43:39 [http-nio-8080-exec-6] INFO  c.h.controller.UserController - User admin logged in successfully as ROLE_ADMIN
2025-03-12 12:43:39 [http-nio-8080-exec-8] INFO  c.h.controller.AdminController - Fetching all users.
2025-03-12 12:43:39 [http-nio-8080-exec-7] INFO  c.h.controller.ItemController - Fetching all items.
2025-03-12 12:43:39 [http-nio-8080-exec-8] INFO  com.homedecor.services.UserService - Fetching all users from database
2025-03-12 12:43:39 [http-nio-8080-exec-8] INFO  c.h.controller.AdminController - Total users retrieved: 8
2025-03-12 12:43:39 [http-nio-8080-exec-8] INFO  com.homedecor.services.UserService - Fetching all users from database
2025-03-12 12:43:39 [http-nio-8080-exec-7] INFO  c.h.controller.ItemController - Total items retrieved: 16
2025-03-12 12:43:39 [http-nio-8080-exec-10] INFO  c.h.controller.AdminController - Fetching all users.
2025-03-12 12:43:39 [http-nio-8080-exec-10] INFO  com.homedecor.services.UserService - Fetching all users from database
2025-03-12 12:43:39 [http-nio-8080-exec-10] INFO  c.h.controller.AdminController - Total users retrieved: 8
2025-03-12 12:43:39 [http-nio-8080-exec-10] INFO  com.homedecor.services.UserService - Fetching all users from database
2025-03-12 12:43:39 [http-nio-8080-exec-9] INFO  c.h.controller.ItemController - Fetching all items.
2025-03-12 12:43:39 [http-nio-8080-exec-9] INFO  c.h.controller.ItemController - Total items retrieved: 16
2025-03-12 12:43:42 [http-nio-8080-exec-1] INFO  c.h.controller.AdminController - Attempting to unblock user: test23
2025-03-12 12:43:42 [http-nio-8080-exec-1] INFO  com.homedecor.services.UserService - User 'test23' has been unblocked by admin
2025-03-12 12:43:42 [http-nio-8080-exec-1] INFO  c.h.controller.AdminController - User test23 unblocked successfully.
2025-03-12 12:43:42 [http-nio-8080-exec-2] INFO  c.h.controller.AdminController - Fetching all users.
2025-03-12 12:43:42 [http-nio-8080-exec-2] INFO  com.homedecor.services.UserService - Fetching all users from database
2025-03-12 12:43:42 [http-nio-8080-exec-2] INFO  c.h.controller.AdminController - Total users retrieved: 8
2025-03-12 12:43:42 [http-nio-8080-exec-2] INFO  com.homedecor.services.UserService - Fetching all users from database
2025-03-12 14:19:59 [HikariPool-1 housekeeper] WARN  com.zaxxer.hikari.pool.HikariPool - HikariPool-1 - Thread starvation or clock leap detected (housekeeper delta=1h28m38s673ms818µs500ns).
2025-03-12 15:52:24 [HikariPool-1 housekeeper] WARN  com.zaxxer.hikari.pool.HikariPool - HikariPool-1 - Thread starvation or clock leap detected (housekeeper delta=15m53s962ms748µs200ns).
2025-03-12 17:38:48 [HikariPool-1 housekeeper] WARN  com.zaxxer.hikari.pool.HikariPool - HikariPool-1 - Thread starvation or clock leap detected (housekeeper delta=21m22s290ms348µs600ns).
2025-03-12 20:33:02 [HikariPool-1 housekeeper] WARN  com.zaxxer.hikari.pool.HikariPool - HikariPool-1 - Thread starvation or clock leap detected (housekeeper delta=2h45m13s621ms938µs500ns).
2025-03-12 22:39:19 [HikariPool-1 housekeeper] WARN  com.zaxxer.hikari.pool.HikariPool - HikariPool-1 - Thread starvation or clock leap detected (housekeeper delta=2h5m17s221ms114µs).
