2025-03-13 08:52:15 [HikariPool-1 housekeeper] WARN  com.zaxxer.hikari.pool.HikariPool - HikariPool-1 - Thread starvation or clock leap detected (housekeeper delta=10h13m4s227ms123µs400ns).
2025-03-13 08:57:27 [HikariPool-1 housekeeper] WARN  com.zaxxer.hikari.pool.HikariPool - HikariPool-1 - Thread starvation or clock leap detected (housekeeper delta=1m10s92ms565µs200ns).
2025-03-13 09:25:35 [HikariPool-1 housekeeper] WARN  com.zaxxer.hikari.pool.HikariPool - HikariPool-1 - Thread starvation or clock leap detected (housekeeper delta=22m7s923ms887µs100ns).
2025-03-13 10:05:28 [http-nio-8080-exec-6] INFO  c.h.controller.ItemController - Fetching all items.
2025-03-13 10:05:28 [http-nio-8080-exec-5] INFO  c.h.controller.AdminController - Fetching all users.
2025-03-13 10:05:28 [http-nio-8080-exec-5] INFO  com.homedecor.services.UserService - Fetching all users from database
2025-03-13 10:05:28 [http-nio-8080-exec-5] INFO  c.h.controller.AdminController - Total users retrieved: 8
2025-03-13 10:05:28 [http-nio-8080-exec-6] INFO  c.h.controller.ItemController - Total items retrieved: 16
2025-03-13 10:05:28 [http-nio-8080-exec-5] INFO  com.homedecor.services.UserService - Fetching all users from database
2025-03-13 10:05:28 [http-nio-8080-exec-8] INFO  c.h.controller.AdminController - Fetching all users.
2025-03-13 10:05:28 [http-nio-8080-exec-7] INFO  c.h.controller.ItemController - Fetching all items.
2025-03-13 10:05:28 [http-nio-8080-exec-8] INFO  com.homedecor.services.UserService - Fetching all users from database
2025-03-13 10:05:28 [http-nio-8080-exec-8] INFO  c.h.controller.AdminController - Total users retrieved: 8
2025-03-13 10:05:28 [http-nio-8080-exec-8] INFO  com.homedecor.services.UserService - Fetching all users from database
2025-03-13 10:05:28 [http-nio-8080-exec-7] INFO  c.h.controller.ItemController - Total items retrieved: 16
2025-03-13 11:14:31 [http-nio-8080-exec-3] INFO  c.h.controller.ItemController - Fetching all items.
2025-03-13 11:14:31 [http-nio-8080-exec-2] INFO  c.h.controller.AdminController - Fetching all users.
2025-03-13 11:14:31 [http-nio-8080-exec-2] INFO  com.homedecor.services.UserService - Fetching all users from database
2025-03-13 11:14:31 [http-nio-8080-exec-2] INFO  c.h.controller.AdminController - Total users retrieved: 8
2025-03-13 11:14:31 [http-nio-8080-exec-2] INFO  com.homedecor.services.UserService - Fetching all users from database
2025-03-13 11:14:31 [http-nio-8080-exec-3] INFO  c.h.controller.ItemController - Total items retrieved: 16
2025-03-13 11:14:31 [http-nio-8080-exec-6] INFO  c.h.controller.ItemController - Fetching all items.
2025-03-13 11:14:31 [http-nio-8080-exec-4] INFO  c.h.controller.AdminController - Fetching all users.
2025-03-13 11:14:31 [http-nio-8080-exec-4] INFO  com.homedecor.services.UserService - Fetching all users from database
2025-03-13 11:14:31 [http-nio-8080-exec-4] INFO  c.h.controller.AdminController - Total users retrieved: 8
2025-03-13 11:14:31 [http-nio-8080-exec-6] INFO  c.h.controller.ItemController - Total items retrieved: 16
2025-03-13 11:14:31 [http-nio-8080-exec-4] INFO  com.homedecor.services.UserService - Fetching all users from database
2025-03-13 11:14:42 [HikariPool-1 housekeeper] WARN  com.zaxxer.hikari.pool.HikariPool - HikariPool-1 - Thread starvation or clock leap detected (housekeeper delta=21m35s336ms801µs600ns).
2025-03-13 11:31:05 [http-nio-8080-exec-10] INFO  c.h.controller.UserController - User login attempt: test12
2025-03-13 11:31:05 [http-nio-8080-exec-10] INFO  com.homedecor.services.UserService - Login attempt for username: test12
2025-03-13 11:31:05 [http-nio-8080-exec-10] INFO  com.homedecor.services.UserService - User 'test12' logged in successfully
2025-03-13 11:31:05 [http-nio-8080-exec-10] INFO  c.h.controller.UserController - User test12 logged in successfully as ROLE_USER
2025-03-13 11:31:11 [http-nio-8080-exec-9] WARN  c.h.controller.AdminController - Deleting item with ID: 1
2025-03-13 11:31:11 [http-nio-8080-exec-9] INFO  c.h.controller.AdminController - Item with ID 1 deleted successfully.
2025-03-13 11:31:22 [http-nio-8080-exec-1] INFO  c.h.controller.UserController - User registration attempt: example@domain.com
2025-03-13 11:31:22 [http-nio-8080-exec-1] INFO  c.h.controller.UserController - User registered successfully with email: example@domain.com
2025-03-13 12:05:53 [http-nio-8080-exec-3] INFO  c.h.controller.UserController - User login attempt: test12
2025-03-13 12:05:53 [http-nio-8080-exec-3] INFO  com.homedecor.services.UserService - Login attempt for username: test12
2025-03-13 12:05:53 [http-nio-8080-exec-3] INFO  com.homedecor.services.UserService - User 'test12' logged in successfully
2025-03-13 12:05:53 [http-nio-8080-exec-3] INFO  c.h.controller.UserController - User test12 logged in successfully as ROLE_USER
2025-03-13 12:06:13 [http-nio-8080-exec-6] INFO  c.h.controller.AdminController - Adding new item: Decorative Vase
2025-03-13 12:06:13 [http-nio-8080-exec-6] INFO  c.h.controller.AdminController - Item added successfully with ID: 17
2025-03-13 12:28:33 [HikariPool-1 housekeeper] WARN  com.zaxxer.hikari.pool.HikariPool - HikariPool-1 - Thread starvation or clock leap detected (housekeeper delta=1m49s883ms338µs100ns).
2025-03-13 14:13:00 [HikariPool-1 housekeeper] WARN  com.zaxxer.hikari.pool.HikariPool - HikariPool-1 - Thread starvation or clock leap detected (housekeeper delta=1h33m56s794ms129µs200ns).
2025-03-13 14:59:17 [SpringApplicationShutdownHook] INFO  o.s.b.w.e.tomcat.GracefulShutdown - Commencing graceful shutdown. Waiting for active requests to complete
2025-03-13 14:59:17 [tomcat-shutdown] INFO  o.s.b.w.e.tomcat.GracefulShutdown - Graceful shutdown complete
2025-03-13 14:59:17 [SpringApplicationShutdownHook] INFO  o.s.o.j.LocalContainerEntityManagerFactoryBean - Closing JPA EntityManagerFactory for persistence unit 'default'
2025-03-13 14:59:17 [SpringApplicationShutdownHook] INFO  com.zaxxer.hikari.HikariDataSource - HikariPool-1 - Shutdown initiated...
2025-03-13 14:59:17 [SpringApplicationShutdownHook] INFO  com.zaxxer.hikari.HikariDataSource - HikariPool-1 - Shutdown completed.
2025-03-13 15:22:02 [main] INFO  com.homedecor.HomedecorApplication - Starting HomedecorApplication using Java 23.0.2 with PID 17296 (C:\Users\Bharath.Hegde\Desktop\HomeDecor\target\classes started by Bharath.Hegde in C:\Users\Bharath.Hegde\Desktop\HomeDecor)
2025-03-13 15:22:02 [main] INFO  com.homedecor.HomedecorApplication - No active profile set, falling back to 1 default profile: "default"
2025-03-13 15:22:03 [main] INFO  o.s.d.r.c.RepositoryConfigurationDelegate - Bootstrapping Spring Data JPA repositories in DEFAULT mode.
2025-03-13 15:22:03 [main] INFO  o.s.d.r.c.RepositoryConfigurationDelegate - Finished Spring Data repository scanning in 186 ms. Found 3 JPA repository interfaces.
2025-03-13 15:22:04 [main] INFO  o.s.b.w.e.tomcat.TomcatWebServer - Tomcat initialized with port 8080 (http)
2025-03-13 15:22:04 [main] INFO  o.a.coyote.http11.Http11NioProtocol - Initializing ProtocolHandler ["http-nio-8080"]
2025-03-13 15:22:04 [main] INFO  o.a.catalina.core.StandardService - Starting service [Tomcat]
2025-03-13 15:22:04 [main] INFO  o.a.catalina.core.StandardEngine - Starting Servlet engine: [Apache Tomcat/10.1.36]
2025-03-13 15:22:04 [main] INFO  o.a.c.c.C.[Tomcat].[localhost].[/] - Initializing Spring embedded WebApplicationContext
2025-03-13 15:22:04 [main] INFO  o.s.b.w.s.c.ServletWebServerApplicationContext - Root WebApplicationContext: initialization completed in 1697 ms
2025-03-13 15:22:04 [main] INFO  o.h.jpa.internal.util.LogHelper - HHH000204: Processing PersistenceUnitInfo [name: default]
2025-03-13 15:22:04 [main] INFO  org.hibernate.Version - HHH000412: Hibernate ORM core version 6.6.8.Final
2025-03-13 15:22:04 [main] INFO  o.h.c.i.RegionFactoryInitiator - HHH000026: Second-level cache disabled
2025-03-13 15:22:05 [main] INFO  o.s.o.j.p.SpringPersistenceUnitInfo - No LoadTimeWeaver setup: ignoring JPA class transformer
2025-03-13 15:22:05 [main] INFO  com.zaxxer.hikari.HikariDataSource - HikariPool-1 - Starting...
2025-03-13 15:22:05 [main] INFO  com.zaxxer.hikari.pool.HikariPool - HikariPool-1 - Added connection com.mysql.cj.jdbc.ConnectionImpl@69bc4024
2025-03-13 15:22:05 [main] INFO  com.zaxxer.hikari.HikariDataSource - HikariPool-1 - Start completed.
2025-03-13 15:22:05 [main] WARN  org.hibernate.orm.deprecation - HHH90000025: MySQL8Dialect does not need to be specified explicitly using 'hibernate.dialect' (remove the property setting and it will be selected by default)
2025-03-13 15:22:05 [main] WARN  org.hibernate.orm.deprecation - HHH90000026: MySQL8Dialect has been deprecated; use org.hibernate.dialect.MySQLDialect instead
2025-03-13 15:22:05 [main] INFO  o.hibernate.orm.connections.pooling - HHH10001005: Database info:
	Database JDBC URL [Connecting through datasource 'HikariDataSource (HikariPool-1)']
	Database driver: undefined/unknown
	Database version: 8.0
	Autocommit mode: undefined/unknown
	Isolation level: undefined/unknown
	Minimum pool size: undefined/unknown
	Maximum pool size: undefined/unknown
2025-03-13 15:22:06 [main] INFO  o.h.e.t.j.p.i.JtaPlatformInitiator - HHH000489: No JTA platform available (set 'hibernate.transaction.jta.platform' to enable JTA platform integration)
2025-03-13 15:22:06 [main] WARN  o.h.t.s.i.ExceptionHandlerLoggedImpl - GenerationTarget encountered exception accepting command : Error executing DDL "
    alter table cart_items 
       modify column item_id bigint" via JDBC [Referencing column 'item_id' and referenced column 'id' in foreign key constraint 'cart_items_ibfk_2' are incompatible.]
org.hibernate.tool.schema.spi.CommandAcceptanceException: Error executing DDL "
    alter table cart_items 
       modify column item_id bigint" via JDBC [Referencing column 'item_id' and referenced column 'id' in foreign key constraint 'cart_items_ibfk_2' are incompatible.]
	at org.hibernate.tool.schema.internal.exec.GenerationTargetToDatabase.accept(GenerationTargetToDatabase.java:94)
	at org.hibernate.tool.schema.internal.AbstractSchemaMigrator.applySqlString(AbstractSchemaMigrator.java:576)
	at org.hibernate.tool.schema.internal.AbstractSchemaMigrator.applySqlStrings(AbstractSchemaMigrator.java:516)
	at org.hibernate.tool.schema.internal.AbstractSchemaMigrator.migrateTable(AbstractSchemaMigrator.java:334)
	at org.hibernate.tool.schema.internal.GroupedSchemaMigratorImpl.performTablesMigration(GroupedSchemaMigratorImpl.java:84)
	at org.hibernate.tool.schema.internal.AbstractSchemaMigrator.performMigration(AbstractSchemaMigrator.java:233)
	at org.hibernate.tool.schema.internal.AbstractSchemaMigrator.doMigration(AbstractSchemaMigrator.java:112)
	at org.hibernate.tool.schema.spi.SchemaManagementToolCoordinator.performDatabaseAction(SchemaManagementToolCoordinator.java:280)
	at org.hibernate.tool.schema.spi.SchemaManagementToolCoordinator.lambda$process$5(SchemaManagementToolCoordinator.java:144)
	at java.base/java.util.HashMap.forEach(HashMap.java:1430)
	at org.hibernate.tool.schema.spi.SchemaManagementToolCoordinator.process(SchemaManagementToolCoordinator.java:141)
	at org.hibernate.boot.internal.SessionFactoryObserverForSchemaExport.sessionFactoryCreated(SessionFactoryObserverForSchemaExport.java:37)
	at org.hibernate.internal.SessionFactoryObserverChain.sessionFactoryCreated(SessionFactoryObserverChain.java:35)
	at org.hibernate.internal.SessionFactoryImpl.<init>(SessionFactoryImpl.java:324)
	at org.hibernate.boot.internal.SessionFactoryBuilderImpl.build(SessionFactoryBuilderImpl.java:463)
	at org.hibernate.jpa.boot.internal.EntityManagerFactoryBuilderImpl.build(EntityManagerFactoryBuilderImpl.java:1517)
	at org.springframework.orm.jpa.vendor.SpringHibernateJpaPersistenceProvider.createContainerEntityManagerFactory(SpringHibernateJpaPersistenceProvider.java:66)
	at org.springframework.orm.jpa.LocalContainerEntityManagerFactoryBean.createNativeEntityManagerFactory(LocalContainerEntityManagerFactoryBean.java:390)
	at org.springframework.orm.jpa.AbstractEntityManagerFactoryBean.buildNativeEntityManagerFactory(AbstractEntityManagerFactoryBean.java:419)
	at org.springframework.orm.jpa.AbstractEntityManagerFactoryBean.afterPropertiesSet(AbstractEntityManagerFactoryBean.java:400)
	at org.springframework.orm.jpa.LocalContainerEntityManagerFactoryBean.afterPropertiesSet(LocalContainerEntityManagerFactoryBean.java:366)
	at org.springframework.beans.factory.support.AbstractAutowireCapableBeanFactory.invokeInitMethods(AbstractAutowireCapableBeanFactory.java:1859)
	at org.springframework.beans.factory.support.AbstractAutowireCapableBeanFactory.initializeBean(AbstractAutowireCapableBeanFactory.java:1808)
	at org.springframework.beans.factory.support.AbstractAutowireCapableBeanFactory.doCreateBean(AbstractAutowireCapableBeanFactory.java:601)
	at org.springframework.beans.factory.support.AbstractAutowireCapableBeanFactory.createBean(AbstractAutowireCapableBeanFactory.java:523)
	at org.springframework.beans.factory.support.AbstractBeanFactory.lambda$doGetBean$0(AbstractBeanFactory.java:339)
	at org.springframework.beans.factory.support.DefaultSingletonBeanRegistry.getSingleton(DefaultSingletonBeanRegistry.java:346)
	at org.springframework.beans.factory.support.AbstractBeanFactory.doGetBean(AbstractBeanFactory.java:337)
	at org.springframework.beans.factory.support.AbstractBeanFactory.getBean(AbstractBeanFactory.java:207)
	at org.springframework.context.support.AbstractApplicationContext.finishBeanFactoryInitialization(AbstractApplicationContext.java:970)
	at org.springframework.context.support.AbstractApplicationContext.refresh(AbstractApplicationContext.java:627)
	at org.springframework.boot.web.servlet.context.ServletWebServerApplicationContext.refresh(ServletWebServerApplicationContext.java:146)
	at org.springframework.boot.SpringApplication.refresh(SpringApplication.java:752)
	at org.springframework.boot.SpringApplication.refreshContext(SpringApplication.java:439)
	at org.springframework.boot.SpringApplication.run(SpringApplication.java:318)
	at org.springframework.boot.SpringApplication.run(SpringApplication.java:1361)
	at org.springframework.boot.SpringApplication.run(SpringApplication.java:1350)
	at com.homedecor.HomedecorApplication.main(HomedecorApplication.java:10)
Caused by: java.sql.SQLException: Referencing column 'item_id' and referenced column 'id' in foreign key constraint 'cart_items_ibfk_2' are incompatible.
	at com.mysql.cj.jdbc.exceptions.SQLError.createSQLException(SQLError.java:130)
	at com.mysql.cj.jdbc.exceptions.SQLExceptionsMapping.translateException(SQLExceptionsMapping.java:122)
	at com.mysql.cj.jdbc.StatementImpl.executeInternal(StatementImpl.java:763)
	at com.mysql.cj.jdbc.StatementImpl.execute(StatementImpl.java:648)
	at com.zaxxer.hikari.pool.ProxyStatement.execute(ProxyStatement.java:94)
	at com.zaxxer.hikari.pool.HikariProxyStatement.execute(HikariProxyStatement.java)
	at org.hibernate.tool.schema.internal.exec.GenerationTargetToDatabase.accept(GenerationTargetToDatabase.java:80)
	... 37 common frames omitted
2025-03-13 15:22:06 [main] WARN  o.h.t.s.i.ExceptionHandlerLoggedImpl - GenerationTarget encountered exception accepting command : Error executing DDL "
    alter table cart_items 
       modify column user_id bigint" via JDBC [Referencing column 'user_id' and referenced column 'id' in foreign key constraint 'cart_items_ibfk_1' are incompatible.]
org.hibernate.tool.schema.spi.CommandAcceptanceException: Error executing DDL "
    alter table cart_items 
       modify column user_id bigint" via JDBC [Referencing column 'user_id' and referenced column 'id' in foreign key constraint 'cart_items_ibfk_1' are incompatible.]
	at org.hibernate.tool.schema.internal.exec.GenerationTargetToDatabase.accept(GenerationTargetToDatabase.java:94)
	at org.hibernate.tool.schema.internal.AbstractSchemaMigrator.applySqlString(AbstractSchemaMigrator.java:576)
	at org.hibernate.tool.schema.internal.AbstractSchemaMigrator.applySqlStrings(AbstractSchemaMigrator.java:516)
	at org.hibernate.tool.schema.internal.AbstractSchemaMigrator.migrateTable(AbstractSchemaMigrator.java:334)
	at org.hibernate.tool.schema.internal.GroupedSchemaMigratorImpl.performTablesMigration(GroupedSchemaMigratorImpl.java:84)
	at org.hibernate.tool.schema.internal.AbstractSchemaMigrator.performMigration(AbstractSchemaMigrator.java:233)
	at org.hibernate.tool.schema.internal.AbstractSchemaMigrator.doMigration(AbstractSchemaMigrator.java:112)
	at org.hibernate.tool.schema.spi.SchemaManagementToolCoordinator.performDatabaseAction(SchemaManagementToolCoordinator.java:280)
	at org.hibernate.tool.schema.spi.SchemaManagementToolCoordinator.lambda$process$5(SchemaManagementToolCoordinator.java:144)
	at java.base/java.util.HashMap.forEach(HashMap.java:1430)
	at org.hibernate.tool.schema.spi.SchemaManagementToolCoordinator.process(SchemaManagementToolCoordinator.java:141)
	at org.hibernate.boot.internal.SessionFactoryObserverForSchemaExport.sessionFactoryCreated(SessionFactoryObserverForSchemaExport.java:37)
	at org.hibernate.internal.SessionFactoryObserverChain.sessionFactoryCreated(SessionFactoryObserverChain.java:35)
	at org.hibernate.internal.SessionFactoryImpl.<init>(SessionFactoryImpl.java:324)
	at org.hibernate.boot.internal.SessionFactoryBuilderImpl.build(SessionFactoryBuilderImpl.java:463)
	at org.hibernate.jpa.boot.internal.EntityManagerFactoryBuilderImpl.build(EntityManagerFactoryBuilderImpl.java:1517)
	at org.springframework.orm.jpa.vendor.SpringHibernateJpaPersistenceProvider.createContainerEntityManagerFactory(SpringHibernateJpaPersistenceProvider.java:66)
	at org.springframework.orm.jpa.LocalContainerEntityManagerFactoryBean.createNativeEntityManagerFactory(LocalContainerEntityManagerFactoryBean.java:390)
	at org.springframework.orm.jpa.AbstractEntityManagerFactoryBean.buildNativeEntityManagerFactory(AbstractEntityManagerFactoryBean.java:419)
	at org.springframework.orm.jpa.AbstractEntityManagerFactoryBean.afterPropertiesSet(AbstractEntityManagerFactoryBean.java:400)
	at org.springframework.orm.jpa.LocalContainerEntityManagerFactoryBean.afterPropertiesSet(LocalContainerEntityManagerFactoryBean.java:366)
	at org.springframework.beans.factory.support.AbstractAutowireCapableBeanFactory.invokeInitMethods(AbstractAutowireCapableBeanFactory.java:1859)
	at org.springframework.beans.factory.support.AbstractAutowireCapableBeanFactory.initializeBean(AbstractAutowireCapableBeanFactory.java:1808)
	at org.springframework.beans.factory.support.AbstractAutowireCapableBeanFactory.doCreateBean(AbstractAutowireCapableBeanFactory.java:601)
	at org.springframework.beans.factory.support.AbstractAutowireCapableBeanFactory.createBean(AbstractAutowireCapableBeanFactory.java:523)
	at org.springframework.beans.factory.support.AbstractBeanFactory.lambda$doGetBean$0(AbstractBeanFactory.java:339)
	at org.springframework.beans.factory.support.DefaultSingletonBeanRegistry.getSingleton(DefaultSingletonBeanRegistry.java:346)
	at org.springframework.beans.factory.support.AbstractBeanFactory.doGetBean(AbstractBeanFactory.java:337)
	at org.springframework.beans.factory.support.AbstractBeanFactory.getBean(AbstractBeanFactory.java:207)
	at org.springframework.context.support.AbstractApplicationContext.finishBeanFactoryInitialization(AbstractApplicationContext.java:970)
	at org.springframework.context.support.AbstractApplicationContext.refresh(AbstractApplicationContext.java:627)
	at org.springframework.boot.web.servlet.context.ServletWebServerApplicationContext.refresh(ServletWebServerApplicationContext.java:146)
	at org.springframework.boot.SpringApplication.refresh(SpringApplication.java:752)
	at org.springframework.boot.SpringApplication.refreshContext(SpringApplication.java:439)
	at org.springframework.boot.SpringApplication.run(SpringApplication.java:318)
	at org.springframework.boot.SpringApplication.run(SpringApplication.java:1361)
	at org.springframework.boot.SpringApplication.run(SpringApplication.java:1350)
	at com.homedecor.HomedecorApplication.main(HomedecorApplication.java:10)
Caused by: java.sql.SQLException: Referencing column 'user_id' and referenced column 'id' in foreign key constraint 'cart_items_ibfk_1' are incompatible.
	at com.mysql.cj.jdbc.exceptions.SQLError.createSQLException(SQLError.java:130)
	at com.mysql.cj.jdbc.exceptions.SQLExceptionsMapping.translateException(SQLExceptionsMapping.java:122)
	at com.mysql.cj.jdbc.StatementImpl.executeInternal(StatementImpl.java:763)
	at com.mysql.cj.jdbc.StatementImpl.execute(StatementImpl.java:648)
	at com.zaxxer.hikari.pool.ProxyStatement.execute(ProxyStatement.java:94)
	at com.zaxxer.hikari.pool.HikariProxyStatement.execute(HikariProxyStatement.java)
	at org.hibernate.tool.schema.internal.exec.GenerationTargetToDatabase.accept(GenerationTargetToDatabase.java:80)
	... 37 common frames omitted
2025-03-13 15:22:06 [main] WARN  o.h.t.s.i.ExceptionHandlerLoggedImpl - GenerationTarget encountered exception accepting command : Error executing DDL "
    alter table items 
       modify column id bigint not null auto_increment" via JDBC [Referencing column 'item_id' and referenced column 'id' in foreign key constraint 'cart_items_ibfk_2' are incompatible.]
org.hibernate.tool.schema.spi.CommandAcceptanceException: Error executing DDL "
    alter table items 
       modify column id bigint not null auto_increment" via JDBC [Referencing column 'item_id' and referenced column 'id' in foreign key constraint 'cart_items_ibfk_2' are incompatible.]
	at org.hibernate.tool.schema.internal.exec.GenerationTargetToDatabase.accept(GenerationTargetToDatabase.java:94)
	at org.hibernate.tool.schema.internal.AbstractSchemaMigrator.applySqlString(AbstractSchemaMigrator.java:576)
	at org.hibernate.tool.schema.internal.AbstractSchemaMigrator.applySqlStrings(AbstractSchemaMigrator.java:516)
	at org.hibernate.tool.schema.internal.AbstractSchemaMigrator.migrateTable(AbstractSchemaMigrator.java:334)
	at org.hibernate.tool.schema.internal.GroupedSchemaMigratorImpl.performTablesMigration(GroupedSchemaMigratorImpl.java:84)
	at org.hibernate.tool.schema.internal.AbstractSchemaMigrator.performMigration(AbstractSchemaMigrator.java:233)
	at org.hibernate.tool.schema.internal.AbstractSchemaMigrator.doMigration(AbstractSchemaMigrator.java:112)
	at org.hibernate.tool.schema.spi.SchemaManagementToolCoordinator.performDatabaseAction(SchemaManagementToolCoordinator.java:280)
	at org.hibernate.tool.schema.spi.SchemaManagementToolCoordinator.lambda$process$5(SchemaManagementToolCoordinator.java:144)
	at java.base/java.util.HashMap.forEach(HashMap.java:1430)
	at org.hibernate.tool.schema.spi.SchemaManagementToolCoordinator.process(SchemaManagementToolCoordinator.java:141)
	at org.hibernate.boot.internal.SessionFactoryObserverForSchemaExport.sessionFactoryCreated(SessionFactoryObserverForSchemaExport.java:37)
	at org.hibernate.internal.SessionFactoryObserverChain.sessionFactoryCreated(SessionFactoryObserverChain.java:35)
	at org.hibernate.internal.SessionFactoryImpl.<init>(SessionFactoryImpl.java:324)
	at org.hibernate.boot.internal.SessionFactoryBuilderImpl.build(SessionFactoryBuilderImpl.java:463)
	at org.hibernate.jpa.boot.internal.EntityManagerFactoryBuilderImpl.build(EntityManagerFactoryBuilderImpl.java:1517)
	at org.springframework.orm.jpa.vendor.SpringHibernateJpaPersistenceProvider.createContainerEntityManagerFactory(SpringHibernateJpaPersistenceProvider.java:66)
	at org.springframework.orm.jpa.LocalContainerEntityManagerFactoryBean.createNativeEntityManagerFactory(LocalContainerEntityManagerFactoryBean.java:390)
	at org.springframework.orm.jpa.AbstractEntityManagerFactoryBean.buildNativeEntityManagerFactory(AbstractEntityManagerFactoryBean.java:419)
	at org.springframework.orm.jpa.AbstractEntityManagerFactoryBean.afterPropertiesSet(AbstractEntityManagerFactoryBean.java:400)
	at org.springframework.orm.jpa.LocalContainerEntityManagerFactoryBean.afterPropertiesSet(LocalContainerEntityManagerFactoryBean.java:366)
	at org.springframework.beans.factory.support.AbstractAutowireCapableBeanFactory.invokeInitMethods(AbstractAutowireCapableBeanFactory.java:1859)
	at org.springframework.beans.factory.support.AbstractAutowireCapableBeanFactory.initializeBean(AbstractAutowireCapableBeanFactory.java:1808)
	at org.springframework.beans.factory.support.AbstractAutowireCapableBeanFactory.doCreateBean(AbstractAutowireCapableBeanFactory.java:601)
	at org.springframework.beans.factory.support.AbstractAutowireCapableBeanFactory.createBean(AbstractAutowireCapableBeanFactory.java:523)
	at org.springframework.beans.factory.support.AbstractBeanFactory.lambda$doGetBean$0(AbstractBeanFactory.java:339)
	at org.springframework.beans.factory.support.DefaultSingletonBeanRegistry.getSingleton(DefaultSingletonBeanRegistry.java:346)
	at org.springframework.beans.factory.support.AbstractBeanFactory.doGetBean(AbstractBeanFactory.java:337)
	at org.springframework.beans.factory.support.AbstractBeanFactory.getBean(AbstractBeanFactory.java:207)
	at org.springframework.context.support.AbstractApplicationContext.finishBeanFactoryInitialization(AbstractApplicationContext.java:970)
	at org.springframework.context.support.AbstractApplicationContext.refresh(AbstractApplicationContext.java:627)
	at org.springframework.boot.web.servlet.context.ServletWebServerApplicationContext.refresh(ServletWebServerApplicationContext.java:146)
	at org.springframework.boot.SpringApplication.refresh(SpringApplication.java:752)
	at org.springframework.boot.SpringApplication.refreshContext(SpringApplication.java:439)
	at org.springframework.boot.SpringApplication.run(SpringApplication.java:318)
	at org.springframework.boot.SpringApplication.run(SpringApplication.java:1361)
	at org.springframework.boot.SpringApplication.run(SpringApplication.java:1350)
	at com.homedecor.HomedecorApplication.main(HomedecorApplication.java:10)
Caused by: java.sql.SQLException: Referencing column 'item_id' and referenced column 'id' in foreign key constraint 'cart_items_ibfk_2' are incompatible.
	at com.mysql.cj.jdbc.exceptions.SQLError.createSQLException(SQLError.java:130)
	at com.mysql.cj.jdbc.exceptions.SQLExceptionsMapping.translateException(SQLExceptionsMapping.java:122)
	at com.mysql.cj.jdbc.StatementImpl.executeInternal(StatementImpl.java:763)
	at com.mysql.cj.jdbc.StatementImpl.execute(StatementImpl.java:648)
	at com.zaxxer.hikari.pool.ProxyStatement.execute(ProxyStatement.java:94)
	at com.zaxxer.hikari.pool.HikariProxyStatement.execute(HikariProxyStatement.java)
	at org.hibernate.tool.schema.internal.exec.GenerationTargetToDatabase.accept(GenerationTargetToDatabase.java:80)
	... 37 common frames omitted
2025-03-13 15:22:06 [main] WARN  o.h.t.s.i.ExceptionHandlerLoggedImpl - GenerationTarget encountered exception accepting command : Error executing DDL "
    alter table users 
       modify column id bigint not null auto_increment" via JDBC [Referencing column 'user_id' and referenced column 'id' in foreign key constraint 'cart_items_ibfk_1' are incompatible.]
org.hibernate.tool.schema.spi.CommandAcceptanceException: Error executing DDL "
    alter table users 
       modify column id bigint not null auto_increment" via JDBC [Referencing column 'user_id' and referenced column 'id' in foreign key constraint 'cart_items_ibfk_1' are incompatible.]
	at org.hibernate.tool.schema.internal.exec.GenerationTargetToDatabase.accept(GenerationTargetToDatabase.java:94)
	at org.hibernate.tool.schema.internal.AbstractSchemaMigrator.applySqlString(AbstractSchemaMigrator.java:576)
	at org.hibernate.tool.schema.internal.AbstractSchemaMigrator.applySqlStrings(AbstractSchemaMigrator.java:516)
	at org.hibernate.tool.schema.internal.AbstractSchemaMigrator.migrateTable(AbstractSchemaMigrator.java:334)
	at org.hibernate.tool.schema.internal.GroupedSchemaMigratorImpl.performTablesMigration(GroupedSchemaMigratorImpl.java:84)
	at org.hibernate.tool.schema.internal.AbstractSchemaMigrator.performMigration(AbstractSchemaMigrator.java:233)
	at org.hibernate.tool.schema.internal.AbstractSchemaMigrator.doMigration(AbstractSchemaMigrator.java:112)
	at org.hibernate.tool.schema.spi.SchemaManagementToolCoordinator.performDatabaseAction(SchemaManagementToolCoordinator.java:280)
	at org.hibernate.tool.schema.spi.SchemaManagementToolCoordinator.lambda$process$5(SchemaManagementToolCoordinator.java:144)
	at java.base/java.util.HashMap.forEach(HashMap.java:1430)
	at org.hibernate.tool.schema.spi.SchemaManagementToolCoordinator.process(SchemaManagementToolCoordinator.java:141)
	at org.hibernate.boot.internal.SessionFactoryObserverForSchemaExport.sessionFactoryCreated(SessionFactoryObserverForSchemaExport.java:37)
	at org.hibernate.internal.SessionFactoryObserverChain.sessionFactoryCreated(SessionFactoryObserverChain.java:35)
	at org.hibernate.internal.SessionFactoryImpl.<init>(SessionFactoryImpl.java:324)
	at org.hibernate.boot.internal.SessionFactoryBuilderImpl.build(SessionFactoryBuilderImpl.java:463)
	at org.hibernate.jpa.boot.internal.EntityManagerFactoryBuilderImpl.build(EntityManagerFactoryBuilderImpl.java:1517)
	at org.springframework.orm.jpa.vendor.SpringHibernateJpaPersistenceProvider.createContainerEntityManagerFactory(SpringHibernateJpaPersistenceProvider.java:66)
	at org.springframework.orm.jpa.LocalContainerEntityManagerFactoryBean.createNativeEntityManagerFactory(LocalContainerEntityManagerFactoryBean.java:390)
	at org.springframework.orm.jpa.AbstractEntityManagerFactoryBean.buildNativeEntityManagerFactory(AbstractEntityManagerFactoryBean.java:419)
	at org.springframework.orm.jpa.AbstractEntityManagerFactoryBean.afterPropertiesSet(AbstractEntityManagerFactoryBean.java:400)
	at org.springframework.orm.jpa.LocalContainerEntityManagerFactoryBean.afterPropertiesSet(LocalContainerEntityManagerFactoryBean.java:366)
	at org.springframework.beans.factory.support.AbstractAutowireCapableBeanFactory.invokeInitMethods(AbstractAutowireCapableBeanFactory.java:1859)
	at org.springframework.beans.factory.support.AbstractAutowireCapableBeanFactory.initializeBean(AbstractAutowireCapableBeanFactory.java:1808)
	at org.springframework.beans.factory.support.AbstractAutowireCapableBeanFactory.doCreateBean(AbstractAutowireCapableBeanFactory.java:601)
	at org.springframework.beans.factory.support.AbstractAutowireCapableBeanFactory.createBean(AbstractAutowireCapableBeanFactory.java:523)
	at org.springframework.beans.factory.support.AbstractBeanFactory.lambda$doGetBean$0(AbstractBeanFactory.java:339)
	at org.springframework.beans.factory.support.DefaultSingletonBeanRegistry.getSingleton(DefaultSingletonBeanRegistry.java:346)
	at org.springframework.beans.factory.support.AbstractBeanFactory.doGetBean(AbstractBeanFactory.java:337)
	at org.springframework.beans.factory.support.AbstractBeanFactory.getBean(AbstractBeanFactory.java:207)
	at org.springframework.context.support.AbstractApplicationContext.finishBeanFactoryInitialization(AbstractApplicationContext.java:970)
	at org.springframework.context.support.AbstractApplicationContext.refresh(AbstractApplicationContext.java:627)
	at org.springframework.boot.web.servlet.context.ServletWebServerApplicationContext.refresh(ServletWebServerApplicationContext.java:146)
	at org.springframework.boot.SpringApplication.refresh(SpringApplication.java:752)
	at org.springframework.boot.SpringApplication.refreshContext(SpringApplication.java:439)
	at org.springframework.boot.SpringApplication.run(SpringApplication.java:318)
	at org.springframework.boot.SpringApplication.run(SpringApplication.java:1361)
	at org.springframework.boot.SpringApplication.run(SpringApplication.java:1350)
	at com.homedecor.HomedecorApplication.main(HomedecorApplication.java:10)
Caused by: java.sql.SQLException: Referencing column 'user_id' and referenced column 'id' in foreign key constraint 'cart_items_ibfk_1' are incompatible.
	at com.mysql.cj.jdbc.exceptions.SQLError.createSQLException(SQLError.java:130)
	at com.mysql.cj.jdbc.exceptions.SQLExceptionsMapping.translateException(SQLExceptionsMapping.java:122)
	at com.mysql.cj.jdbc.StatementImpl.executeInternal(StatementImpl.java:763)
	at com.mysql.cj.jdbc.StatementImpl.execute(StatementImpl.java:648)
	at com.zaxxer.hikari.pool.ProxyStatement.execute(ProxyStatement.java:94)
	at com.zaxxer.hikari.pool.HikariProxyStatement.execute(HikariProxyStatement.java)
	at org.hibernate.tool.schema.internal.exec.GenerationTargetToDatabase.accept(GenerationTargetToDatabase.java:80)
	... 37 common frames omitted
2025-03-13 15:22:06 [main] INFO  o.s.o.j.LocalContainerEntityManagerFactoryBean - Initialized JPA EntityManagerFactory for persistence unit 'default'
2025-03-13 15:22:07 [main] WARN  o.s.b.a.o.j.JpaBaseConfiguration$JpaWebConfiguration - spring.jpa.open-in-view is enabled by default. Therefore, database queries may be performed during view rendering. Explicitly configure spring.jpa.open-in-view to disable this warning
2025-03-13 15:22:07 [main] INFO  o.a.coyote.http11.Http11NioProtocol - Starting ProtocolHandler ["http-nio-8080"]
2025-03-13 15:22:07 [main] INFO  o.s.b.w.e.tomcat.TomcatWebServer - Tomcat started on port 8080 (http) with context path '/'
2025-03-13 15:22:07 [main] INFO  com.homedecor.HomedecorApplication - Started HomedecorApplication in 5.738 seconds (process running for 6.509)
2025-03-13 15:22:13 [http-nio-8080-exec-1] INFO  o.a.c.c.C.[Tomcat].[localhost].[/] - Initializing Spring DispatcherServlet 'dispatcherServlet'
2025-03-13 15:22:13 [http-nio-8080-exec-1] INFO  o.s.web.servlet.DispatcherServlet - Initializing Servlet 'dispatcherServlet'
2025-03-13 15:22:13 [http-nio-8080-exec-1] INFO  o.s.web.servlet.DispatcherServlet - Completed initialization in 0 ms
2025-03-13 15:22:13 [http-nio-8080-exec-1] INFO  c.h.controller.UserController - User login attempt: exampleUser
2025-03-13 15:22:13 [http-nio-8080-exec-1] INFO  com.homedecor.services.UserService - Login attempt for username: exampleUser
2025-03-13 15:22:13 [http-nio-8080-exec-1] WARN  com.homedecor.services.UserService - User 'exampleUser' not found
2025-03-13 15:22:13 [http-nio-8080-exec-1] WARN  c.h.controller.UserController - Failed login attempt for user: exampleUser
2025-03-13 15:22:19 [http-nio-8080-exec-3] INFO  c.h.controller.UserController - User login attempt: test12
2025-03-13 15:22:19 [http-nio-8080-exec-3] INFO  com.homedecor.services.UserService - Login attempt for username: test12
2025-03-13 15:22:20 [http-nio-8080-exec-3] INFO  com.homedecor.services.UserService - User 'test12' logged in successfully
2025-03-13 15:22:20 [http-nio-8080-exec-3] INFO  c.h.controller.UserController - User test12 logged in successfully as ROLE_USER
2025-03-13 15:22:26 [http-nio-8080-exec-4] INFO  c.h.controller.AdminController - Adding new item: Decorative Vase
2025-03-13 15:22:26 [http-nio-8080-exec-4] INFO  c.h.controller.AdminController - Item added successfully with ID: 18
2025-03-13 15:22:58 [http-nio-8080-exec-7] INFO  c.h.controller.UserController - User login attempt: test12
2025-03-13 15:22:58 [http-nio-8080-exec-7] INFO  com.homedecor.services.UserService - Login attempt for username: test12
2025-03-13 15:22:58 [http-nio-8080-exec-7] INFO  com.homedecor.services.UserService - User 'test12' logged in successfully
2025-03-13 15:22:58 [http-nio-8080-exec-7] INFO  c.h.controller.UserController - User test12 logged in successfully as ROLE_USER
2025-03-13 15:23:02 [http-nio-8080-exec-5] INFO  c.h.controller.AdminController - Adding new item: Decorative Vase
2025-03-13 15:23:02 [http-nio-8080-exec-5] INFO  c.h.controller.AdminController - Item added successfully with ID: 19
2025-03-13 15:28:55 [http-nio-8080-exec-10] INFO  c.h.controller.UserController - User login attempt: test12
2025-03-13 15:28:55 [http-nio-8080-exec-10] INFO  com.homedecor.services.UserService - Login attempt for username: test12
2025-03-13 15:28:55 [http-nio-8080-exec-10] INFO  com.homedecor.services.UserService - User 'test12' logged in successfully
2025-03-13 15:28:55 [http-nio-8080-exec-10] INFO  c.h.controller.UserController - User test12 logged in successfully as ROLE_USER
2025-03-13 15:28:59 [http-nio-8080-exec-9] INFO  c.h.controller.AdminController - Adding new item: Decorative Vase
2025-03-13 15:28:59 [http-nio-8080-exec-9] INFO  c.h.controller.AdminController - Item added successfully with ID: 20
2025-03-13 15:31:01 [http-nio-8080-exec-3] INFO  c.h.controller.UserController - User registration attempt: test@213.com
2025-03-13 15:31:01 [http-nio-8080-exec-3] WARN  c.h.controller.UserController - Registration failed: User with email test@213.com already exists!
2025-03-13 15:31:10 [http-nio-8080-exec-4] INFO  c.h.controller.UserController - User registration attempt: test@222.com
2025-03-13 15:31:10 [http-nio-8080-exec-4] INFO  c.h.controller.UserController - User registered successfully with email: test@222.com
2025-03-13 15:31:22 [http-nio-8080-exec-5] INFO  c.h.controller.UserController - User login attempt: test12
2025-03-13 15:31:22 [http-nio-8080-exec-5] INFO  com.homedecor.services.UserService - Login attempt for username: test12
2025-03-13 15:31:22 [http-nio-8080-exec-5] INFO  com.homedecor.services.UserService - User 'test12' logged in successfully
2025-03-13 15:31:22 [http-nio-8080-exec-5] INFO  c.h.controller.UserController - User test12 logged in successfully as ROLE_USER
2025-03-13 15:31:22 [http-nio-8080-exec-6] INFO  c.h.controller.ItemController - Fetching all items.
2025-03-13 15:31:22 [http-nio-8080-exec-6] INFO  c.h.controller.ItemController - Total items retrieved: 19
2025-03-13 15:31:22 [http-nio-8080-exec-9] INFO  c.h.controller.ItemController - Fetching all items.
2025-03-13 15:31:22 [http-nio-8080-exec-9] INFO  c.h.controller.ItemController - Total items retrieved: 19
2025-03-13 15:31:25 [http-nio-8080-exec-1] INFO  c.h.controller.UserController - Adding item 2 (Qty: 1) to cart for user 5
2025-03-13 15:31:25 [http-nio-8080-exec-1] INFO  c.h.controller.UserController - Item 2 added to cart for user 5
2025-03-13 15:31:29 [http-nio-8080-exec-3] INFO  c.h.controller.UserController - Fetching cart details for user 5
2025-03-13 15:31:29 [http-nio-8080-exec-4] INFO  c.h.controller.UserController - Fetching cart details for user 5
2025-03-13 15:31:48 [http-nio-8080-exec-10] INFO  c.h.controller.UserController - User login attempt: admin
2025-03-13 15:31:48 [http-nio-8080-exec-10] INFO  com.homedecor.services.UserService - Login attempt for username: admin
2025-03-13 15:31:48 [http-nio-8080-exec-10] WARN  com.homedecor.services.UserService - Invalid password attempt 1 for user 'admin'
2025-03-13 15:31:48 [http-nio-8080-exec-10] WARN  c.h.controller.UserController - Failed login attempt for user: admin
2025-03-13 15:31:54 [http-nio-8080-exec-9] INFO  c.h.controller.UserController - User login attempt: admin
2025-03-13 15:31:54 [http-nio-8080-exec-9] INFO  com.homedecor.services.UserService - Login attempt for username: admin
2025-03-13 15:31:54 [http-nio-8080-exec-9] INFO  com.homedecor.services.UserService - User 'admin' logged in successfully
2025-03-13 15:31:54 [http-nio-8080-exec-9] INFO  c.h.controller.UserController - User admin logged in successfully as ROLE_ADMIN
2025-03-13 15:31:54 [http-nio-8080-exec-1] INFO  c.h.controller.ItemController - Fetching all items.
2025-03-13 15:31:54 [http-nio-8080-exec-2] INFO  c.h.controller.AdminController - Fetching all users.
2025-03-13 15:31:54 [http-nio-8080-exec-2] INFO  com.homedecor.services.UserService - Fetching all users from database
2025-03-13 15:31:54 [http-nio-8080-exec-2] INFO  c.h.controller.AdminController - Total users retrieved: 10
2025-03-13 15:31:54 [http-nio-8080-exec-1] INFO  c.h.controller.ItemController - Total items retrieved: 19
2025-03-13 15:31:54 [http-nio-8080-exec-2] INFO  com.homedecor.services.UserService - Fetching all users from database
2025-03-13 15:31:55 [http-nio-8080-exec-3] INFO  c.h.controller.ItemController - Fetching all items.
2025-03-13 15:31:55 [http-nio-8080-exec-4] INFO  c.h.controller.AdminController - Fetching all users.
2025-03-13 15:31:55 [http-nio-8080-exec-4] INFO  com.homedecor.services.UserService - Fetching all users from database
2025-03-13 15:31:55 [http-nio-8080-exec-3] INFO  c.h.controller.ItemController - Total items retrieved: 19
2025-03-13 15:31:55 [http-nio-8080-exec-4] INFO  c.h.controller.AdminController - Total users retrieved: 10
2025-03-13 15:31:55 [http-nio-8080-exec-4] INFO  com.homedecor.services.UserService - Fetching all users from database
2025-03-13 15:32:05 [http-nio-8080-exec-5] INFO  c.h.controller.AdminController - Updating item with ID: 2
2025-03-13 15:32:05 [http-nio-8080-exec-5] INFO  c.h.controller.AdminController - Item with ID 2 updated successfully.
2025-03-13 15:32:05 [http-nio-8080-exec-8] INFO  c.h.controller.ItemController - Fetching all items.
2025-03-13 15:32:05 [http-nio-8080-exec-8] INFO  c.h.controller.ItemController - Total items retrieved: 19
2025-03-13 15:32:07 [http-nio-8080-exec-10] INFO  c.h.controller.AdminController - Updating item with ID: 3
2025-03-13 15:32:07 [http-nio-8080-exec-10] INFO  c.h.controller.AdminController - Item with ID 3 updated successfully.
2025-03-13 15:32:07 [http-nio-8080-exec-9] INFO  c.h.controller.ItemController - Fetching all items.
2025-03-13 15:32:07 [http-nio-8080-exec-9] INFO  c.h.controller.ItemController - Total items retrieved: 19
2025-03-13 15:32:08 [http-nio-8080-exec-1] INFO  c.h.controller.AdminController - Updating item with ID: 3
2025-03-13 15:32:08 [http-nio-8080-exec-1] INFO  c.h.controller.AdminController - Item with ID 3 updated successfully.
2025-03-13 15:32:08 [http-nio-8080-exec-2] INFO  c.h.controller.ItemController - Fetching all items.
2025-03-13 15:32:08 [http-nio-8080-exec-2] INFO  c.h.controller.ItemController - Total items retrieved: 19
2025-03-13 15:32:13 [http-nio-8080-exec-3] INFO  c.h.controller.AdminController - Adding new item: axax
2025-03-13 15:32:13 [http-nio-8080-exec-3] INFO  c.h.controller.AdminController - Item added successfully with ID: 21
2025-03-13 15:32:13 [http-nio-8080-exec-7] INFO  c.h.controller.ItemController - Fetching all items.
2025-03-13 15:32:13 [http-nio-8080-exec-7] INFO  c.h.controller.ItemController - Total items retrieved: 20
2025-03-13 15:52:03 [HikariPool-1 housekeeper] WARN  com.zaxxer.hikari.pool.HikariPool - HikariPool-1 - Thread starvation or clock leap detected (housekeeper delta=12m27s187ms947µs400ns).
2025-03-13 15:56:49 [http-nio-8080-exec-10] INFO  c.h.controller.UserController - User login attempt: test12
2025-03-13 15:56:49 [http-nio-8080-exec-10] INFO  com.homedecor.services.UserService - Login attempt for username: test12
2025-03-13 15:56:49 [http-nio-8080-exec-10] INFO  com.homedecor.services.UserService - User 'test12' logged in successfully
2025-03-13 15:56:49 [http-nio-8080-exec-10] INFO  c.h.controller.UserController - User test12 logged in successfully as ROLE_USER
2025-03-13 15:56:54 [http-nio-8080-exec-9] INFO  c.h.controller.AdminController - Adding new item: Decorative Vase
2025-03-13 15:56:54 [http-nio-8080-exec-9] INFO  c.h.controller.AdminController - Item added successfully with ID: 22
2025-03-13 15:58:12 [http-nio-8080-exec-2] INFO  c.h.controller.UserController - User registration attempt: test432@32.com
2025-03-13 15:58:12 [http-nio-8080-exec-2] INFO  c.h.controller.UserController - User registered successfully with email: test432@32.com
2025-03-13 15:58:24 [http-nio-8080-exec-4] INFO  c.h.controller.UserController - User login attempt: test46
2025-03-13 15:58:24 [http-nio-8080-exec-4] INFO  com.homedecor.services.UserService - Login attempt for username: test46
2025-03-13 15:58:24 [http-nio-8080-exec-4] INFO  com.homedecor.services.UserService - User 'test46' logged in successfully
2025-03-13 15:58:24 [http-nio-8080-exec-4] INFO  c.h.controller.UserController - User test46 logged in successfully as ROLE_USER
2025-03-13 15:58:24 [http-nio-8080-exec-7] INFO  c.h.controller.ItemController - Fetching all items.
2025-03-13 15:58:24 [http-nio-8080-exec-7] INFO  c.h.controller.ItemController - Total items retrieved: 21
2025-03-13 15:58:24 [http-nio-8080-exec-8] INFO  c.h.controller.ItemController - Fetching all items.
2025-03-13 15:58:24 [http-nio-8080-exec-8] INFO  c.h.controller.ItemController - Total items retrieved: 21
2025-03-13 15:58:28 [http-nio-8080-exec-10] INFO  c.h.controller.UserController - Adding item 2 (Qty: 1) to cart for user 12
2025-03-13 15:58:28 [http-nio-8080-exec-10] INFO  c.h.controller.UserController - Item 2 added to cart for user 12
2025-03-13 15:58:31 [http-nio-8080-exec-9] INFO  c.h.controller.UserController - Fetching cart details for user 12
2025-03-13 15:58:31 [http-nio-8080-exec-1] INFO  c.h.controller.UserController - Fetching cart details for user 12
2025-03-13 15:58:44 [http-nio-8080-exec-2] INFO  c.h.controller.UserController - User login attempt: admin
2025-03-13 15:58:44 [http-nio-8080-exec-2] INFO  com.homedecor.services.UserService - Login attempt for username: admin
2025-03-13 15:58:44 [http-nio-8080-exec-2] WARN  com.homedecor.services.UserService - Invalid password attempt 1 for user 'admin'
2025-03-13 15:58:44 [http-nio-8080-exec-2] WARN  c.h.controller.UserController - Failed login attempt for user: admin
2025-03-13 15:58:50 [http-nio-8080-exec-4] INFO  c.h.controller.UserController - User login attempt: admin
2025-03-13 15:58:50 [http-nio-8080-exec-4] INFO  com.homedecor.services.UserService - Login attempt for username: admin
2025-03-13 15:58:50 [http-nio-8080-exec-4] INFO  com.homedecor.services.UserService - User 'admin' logged in successfully
2025-03-13 15:58:50 [http-nio-8080-exec-4] INFO  c.h.controller.UserController - User admin logged in successfully as ROLE_ADMIN
2025-03-13 15:58:50 [http-nio-8080-exec-5] INFO  c.h.controller.ItemController - Fetching all items.
2025-03-13 15:58:50 [http-nio-8080-exec-3] INFO  c.h.controller.AdminController - Fetching all users.
2025-03-13 15:58:50 [http-nio-8080-exec-3] INFO  com.homedecor.services.UserService - Fetching all users from database
2025-03-13 15:58:50 [http-nio-8080-exec-3] INFO  c.h.controller.AdminController - Total users retrieved: 11
2025-03-13 15:58:50 [http-nio-8080-exec-3] INFO  com.homedecor.services.UserService - Fetching all users from database
2025-03-13 15:58:50 [http-nio-8080-exec-5] INFO  c.h.controller.ItemController - Total items retrieved: 21
2025-03-13 15:58:50 [http-nio-8080-exec-8] INFO  c.h.controller.AdminController - Fetching all users.
2025-03-13 15:58:50 [http-nio-8080-exec-7] INFO  c.h.controller.ItemController - Fetching all items.
2025-03-13 15:58:50 [http-nio-8080-exec-8] INFO  com.homedecor.services.UserService - Fetching all users from database
2025-03-13 15:58:50 [http-nio-8080-exec-8] INFO  c.h.controller.AdminController - Total users retrieved: 11
2025-03-13 15:58:50 [http-nio-8080-exec-8] INFO  com.homedecor.services.UserService - Fetching all users from database
2025-03-13 15:58:50 [http-nio-8080-exec-7] INFO  c.h.controller.ItemController - Total items retrieved: 21
2025-03-13 15:59:03 [http-nio-8080-exec-6] INFO  c.h.controller.AdminController - Updating item with ID: 2
2025-03-13 15:59:04 [http-nio-8080-exec-6] INFO  c.h.controller.AdminController - Item with ID 2 updated successfully.
2025-03-13 15:59:04 [http-nio-8080-exec-10] INFO  c.h.controller.ItemController - Fetching all items.
2025-03-13 15:59:04 [http-nio-8080-exec-10] INFO  c.h.controller.ItemController - Total items retrieved: 21
2025-03-13 15:59:05 [http-nio-8080-exec-9] INFO  c.h.controller.AdminController - Updating item with ID: 2
2025-03-13 15:59:05 [http-nio-8080-exec-9] INFO  c.h.controller.AdminController - Item with ID 2 updated successfully.
2025-03-13 15:59:05 [http-nio-8080-exec-1] INFO  c.h.controller.ItemController - Fetching all items.
2025-03-13 15:59:05 [http-nio-8080-exec-1] INFO  c.h.controller.ItemController - Total items retrieved: 21
2025-03-13 16:11:12 [http-nio-8080-exec-5] INFO  c.h.controller.UserController - User login attempt: test12
2025-03-13 16:11:12 [http-nio-8080-exec-5] INFO  com.homedecor.services.UserService - Login attempt for username: test12
2025-03-13 16:11:12 [http-nio-8080-exec-5] INFO  com.homedecor.services.UserService - User 'test12' logged in successfully
2025-03-13 16:11:12 [http-nio-8080-exec-5] INFO  c.h.controller.UserController - User test12 logged in successfully as ROLE_USER
2025-03-13 16:11:15 [http-nio-8080-exec-8] INFO  c.h.controller.AdminController - Adding new item: Decorative Vase
2025-03-13 16:11:15 [http-nio-8080-exec-8] INFO  c.h.controller.AdminController - Item added successfully with ID: 23
2025-03-13 16:12:44 [http-nio-8080-exec-10] INFO  c.h.controller.UserController - User registration attempt: test@233.com
2025-03-13 16:12:44 [http-nio-8080-exec-10] INFO  c.h.controller.UserController - User registered successfully with email: test@233.com
2025-03-13 16:12:52 [http-nio-8080-exec-1] INFO  c.h.controller.UserController - User login attempt: test54
2025-03-13 16:12:52 [http-nio-8080-exec-1] INFO  com.homedecor.services.UserService - Login attempt for username: test54
2025-03-13 16:12:52 [http-nio-8080-exec-1] INFO  com.homedecor.services.UserService - User 'test54' logged in successfully
2025-03-13 16:12:52 [http-nio-8080-exec-1] INFO  c.h.controller.UserController - User test54 logged in successfully as ROLE_USER
2025-03-13 16:12:52 [http-nio-8080-exec-4] INFO  c.h.controller.ItemController - Fetching all items.
2025-03-13 16:12:52 [http-nio-8080-exec-4] INFO  c.h.controller.ItemController - Total items retrieved: 22
2025-03-13 16:12:52 [http-nio-8080-exec-5] INFO  c.h.controller.ItemController - Fetching all items.
2025-03-13 16:12:52 [http-nio-8080-exec-5] INFO  c.h.controller.ItemController - Total items retrieved: 22
2025-03-13 16:12:56 [http-nio-8080-exec-7] INFO  c.h.controller.UserController - Adding item 2 (Qty: 1) to cart for user 13
2025-03-13 16:12:56 [http-nio-8080-exec-7] INFO  c.h.controller.UserController - Item 2 added to cart for user 13
2025-03-13 16:12:58 [http-nio-8080-exec-6] INFO  c.h.controller.UserController - Fetching cart details for user 13
2025-03-13 16:12:58 [http-nio-8080-exec-10] INFO  c.h.controller.UserController - Fetching cart details for user 13
2025-03-13 16:13:15 [http-nio-8080-exec-2] INFO  c.h.controller.UserController - User login attempt: admin
2025-03-13 16:13:15 [http-nio-8080-exec-2] INFO  com.homedecor.services.UserService - Login attempt for username: admin
2025-03-13 16:13:15 [http-nio-8080-exec-2] INFO  com.homedecor.services.UserService - User 'admin' logged in successfully
2025-03-13 16:13:15 [http-nio-8080-exec-2] INFO  c.h.controller.UserController - User admin logged in successfully as ROLE_ADMIN
2025-03-13 16:13:15 [http-nio-8080-exec-4] INFO  c.h.controller.ItemController - Fetching all items.
2025-03-13 16:13:15 [http-nio-8080-exec-3] INFO  c.h.controller.AdminController - Fetching all users.
2025-03-13 16:13:15 [http-nio-8080-exec-3] INFO  com.homedecor.services.UserService - Fetching all users from database
2025-03-13 16:13:15 [http-nio-8080-exec-3] INFO  c.h.controller.AdminController - Total users retrieved: 12
2025-03-13 16:13:15 [http-nio-8080-exec-4] INFO  c.h.controller.ItemController - Total items retrieved: 22
2025-03-13 16:13:15 [http-nio-8080-exec-3] INFO  com.homedecor.services.UserService - Fetching all users from database
2025-03-13 16:13:15 [http-nio-8080-exec-8] INFO  c.h.controller.ItemController - Fetching all items.
2025-03-13 16:13:15 [http-nio-8080-exec-5] INFO  c.h.controller.AdminController - Fetching all users.
2025-03-13 16:13:15 [http-nio-8080-exec-5] INFO  com.homedecor.services.UserService - Fetching all users from database
2025-03-13 16:13:15 [http-nio-8080-exec-5] INFO  c.h.controller.AdminController - Total users retrieved: 12
2025-03-13 16:13:15 [http-nio-8080-exec-5] INFO  com.homedecor.services.UserService - Fetching all users from database
2025-03-13 16:13:15 [http-nio-8080-exec-8] INFO  c.h.controller.ItemController - Total items retrieved: 22
2025-03-13 16:13:24 [http-nio-8080-exec-6] INFO  c.h.controller.AdminController - Updating item with ID: 2
2025-03-13 16:13:24 [http-nio-8080-exec-6] INFO  c.h.controller.AdminController - Item with ID 2 updated successfully.
2025-03-13 16:13:24 [http-nio-8080-exec-10] INFO  c.h.controller.ItemController - Fetching all items.
2025-03-13 16:13:24 [http-nio-8080-exec-10] INFO  c.h.controller.ItemController - Total items retrieved: 22
2025-03-13 16:13:24 [http-nio-8080-exec-9] INFO  c.h.controller.AdminController - Updating item with ID: 2
2025-03-13 16:13:24 [http-nio-8080-exec-9] INFO  c.h.controller.AdminController - Item with ID 2 updated successfully.
2025-03-13 16:13:24 [http-nio-8080-exec-1] INFO  c.h.controller.ItemController - Fetching all items.
2025-03-13 16:13:24 [http-nio-8080-exec-1] INFO  c.h.controller.ItemController - Total items retrieved: 22
2025-03-13 16:13:24 [http-nio-8080-exec-2] INFO  c.h.controller.AdminController - Updating item with ID: 2
2025-03-13 16:13:24 [http-nio-8080-exec-2] INFO  c.h.controller.AdminController - Item with ID 2 updated successfully.
2025-03-13 16:13:24 [http-nio-8080-exec-4] INFO  c.h.controller.ItemController - Fetching all items.
2025-03-13 16:13:24 [http-nio-8080-exec-4] INFO  c.h.controller.ItemController - Total items retrieved: 22
2025-03-13 16:13:25 [http-nio-8080-exec-3] INFO  c.h.controller.AdminController - Updating item with ID: 2
2025-03-13 16:13:25 [http-nio-8080-exec-3] INFO  c.h.controller.AdminController - Item with ID 2 updated successfully.
2025-03-13 16:13:25 [http-nio-8080-exec-8] INFO  c.h.controller.ItemController - Fetching all items.
2025-03-13 16:13:25 [http-nio-8080-exec-8] INFO  c.h.controller.ItemController - Total items retrieved: 22
2025-03-13 16:13:25 [http-nio-8080-exec-5] INFO  c.h.controller.AdminController - Updating item with ID: 2
2025-03-13 16:13:25 [http-nio-8080-exec-5] INFO  c.h.controller.AdminController - Item with ID 2 updated successfully.
2025-03-13 16:13:25 [http-nio-8080-exec-7] INFO  c.h.controller.ItemController - Fetching all items.
2025-03-13 16:13:25 [http-nio-8080-exec-7] INFO  c.h.controller.ItemController - Total items retrieved: 22
2025-03-13 16:13:26 [http-nio-8080-exec-10] INFO  c.h.controller.AdminController - Updating item with ID: 3
2025-03-13 16:13:26 [http-nio-8080-exec-10] INFO  c.h.controller.AdminController - Item with ID 3 updated successfully.
2025-03-13 16:13:26 [http-nio-8080-exec-9] INFO  c.h.controller.ItemController - Fetching all items.
2025-03-13 16:13:26 [http-nio-8080-exec-9] INFO  c.h.controller.ItemController - Total items retrieved: 22
2025-03-13 16:13:27 [http-nio-8080-exec-1] INFO  c.h.controller.AdminController - Updating item with ID: 3
2025-03-13 16:13:27 [http-nio-8080-exec-1] INFO  c.h.controller.AdminController - Item with ID 3 updated successfully.
2025-03-13 16:13:27 [http-nio-8080-exec-2] INFO  c.h.controller.ItemController - Fetching all items.
2025-03-13 16:13:27 [http-nio-8080-exec-2] INFO  c.h.controller.ItemController - Total items retrieved: 22
2025-03-13 16:13:36 [http-nio-8080-exec-3] INFO  c.h.controller.AdminController - Adding new item: chair
2025-03-13 16:13:36 [http-nio-8080-exec-3] INFO  c.h.controller.AdminController - Item added successfully with ID: 24
2025-03-13 16:13:36 [http-nio-8080-exec-8] INFO  c.h.controller.ItemController - Fetching all items.
2025-03-13 16:13:36 [http-nio-8080-exec-8] INFO  c.h.controller.ItemController - Total items retrieved: 23
2025-03-13 16:34:04 [SpringApplicationShutdownHook] INFO  o.s.b.w.e.tomcat.GracefulShutdown - Commencing graceful shutdown. Waiting for active requests to complete
2025-03-13 16:34:04 [tomcat-shutdown] INFO  o.s.b.w.e.tomcat.GracefulShutdown - Graceful shutdown complete
2025-03-13 16:34:04 [SpringApplicationShutdownHook] INFO  o.s.o.j.LocalContainerEntityManagerFactoryBean - Closing JPA EntityManagerFactory for persistence unit 'default'
2025-03-13 16:34:04 [SpringApplicationShutdownHook] INFO  com.zaxxer.hikari.HikariDataSource - HikariPool-1 - Shutdown initiated...
2025-03-13 16:34:04 [SpringApplicationShutdownHook] INFO  com.zaxxer.hikari.HikariDataSource - HikariPool-1 - Shutdown completed.
